#
# There is insufficient memory for the Java Runtime Environment to continue.
# Native memory allocation (malloc) failed to allocate 32744 bytes for ChunkPool::allocate
# Possible reasons:
#   The system is out of physical RAM or swap space
#   The process is running with CompressedOops enabled, and the Java Heap may be blocking the growth of the native heap
# Possible solutions:
#   Reduce memory load on the system
#   Increase physical memory or swap space
#   Check if swap backing store is full
#   Decrease Java heap size (-Xmx/-Xms)
#   Decrease number of Java threads
#   Decrease Java thread stack sizes (-Xss)
#   Set larger code cache with -XX:ReservedCodeCacheSize=
#   JVM is running with Unscaled Compressed Oops mode in which the Java heap is
#     placed in the first 4GB address space. The Java Heap base address is the
#     maximum limit for the native heap growth. Please use -XX:HeapBaseMinAddress
#     to set the Java Heap base and to place the Java Heap above 4GB virtual address.
# This output file may be truncated or incomplete.
#
#  Out of Memory Error (arena.cpp:78), pid=276, tid=18364
#
# JRE version: Java(TM) SE Runtime Environment (17.0.12+8) (build 17.0.12+8-LTS-286)
# Java VM: Java HotSpot(TM) 64-Bit Server VM (17.0.12+8-LTS-286, mixed mode, sharing, tiered, compressed oops, compressed class ptrs, g1 gc, windows-amd64)
# No core dump will be written. Minidumps are not enabled by default on client versions of Windows
#

---------------  S U M M A R Y ------------

Command Line: --add-opens=java.base/java.util=ALL-UNNAMED --add-opens=java.base/java.lang=ALL-UNNAMED --add-opens=java.base/java.lang.invoke=ALL-UNNAMED --add-opens=java.prefs/java.util.prefs=ALL-UNNAMED --add-exports=jdk.compiler/com.sun.tools.javac.api=ALL-UNNAMED --add-exports=jdk.compiler/com.sun.tools.javac.util=ALL-UNNAMED --add-opens=java.base/java.nio.charset=ALL-UNNAMED --add-opens=java.base/java.net=ALL-UNNAMED --add-opens=java.base/java.util.concurrent.atomic=ALL-UNNAMED -XX:MaxMetaspaceSize=384m -XX:+HeapDumpOnOutOfMemoryError -Xms256m -Xmx512m -Dfile.encoding=UTF-8 -Duser.country=RU -Duser.language=ru -Duser.variant -javaagent:C:\Users\arche\.gradle\wrapper\dists\gradle-8.10.2-bin\a04bxjujx95o3nb99gddekhwo\gradle-8.10.2\lib\agents\gradle-instrumentation-agent-8.10.2.jar org.gradle.launcher.daemon.bootstrap.GradleDaemon 8.10.2

Host: AMD Ryzen 5 3500U with Radeon Vega Mobile Gfx  , 8 cores, 6G,  Windows 11 , 64 bit Build 22621 (10.0.22621.4391)
Time: Sat Nov  2 05:26:22 2024 RTZ 2 (s 11 , 64 bit Build 22621 (10.0.22621.4391) elapsed time: 175.737529 seconds (0d 0h 2m 55s)

---------------  T H R E A D  ---------------

Current thread (0x000000001d5b99c0):  JavaThread "C2 CompilerThread0" daemon [_thread_in_native, id=18364, stack(0x0000000037100000,0x0000000037200000)]


Current CompileTask:
C2: 175737 4635       4       java.net.URL::toString (5 bytes)

Stack: [0x0000000037100000,0x0000000037200000]
Native frames: (J=compiled Java code, j=interpreted, Vv=VM code, C=native code)
V  [jvm.dll+0x67a04a]
V  [jvm.dll+0x7da4ed]
V  [jvm.dll+0x7dbe33]
V  [jvm.dll+0x7dc4a3]
V  [jvm.dll+0x24508f]
V  [jvm.dll+0xab9a4]
V  [jvm.dll+0xabd3c]
V  [jvm.dll+0x2aa584]
V  [jvm.dll+0x581eb9]
V  [jvm.dll+0x21f422]
V  [jvm.dll+0x21837b]
V  [jvm.dll+0x215b65]
V  [jvm.dll+0x1a2960]
V  [jvm.dll+0x22610b]
V  [jvm.dll+0x2242ab]
V  [jvm.dll+0x79075c]
V  [jvm.dll+0x78abea]
V  [jvm.dll+0x678f35]
C  [ucrtbase.dll+0x29333]
C  [KERNEL32.DLL+0x1259d]
C  [ntdll.dll+0x5af38]


---------------  P R O C E S S  ---------------

Threads class SMR info:
_java_thread_list=0x0000000038c200e0, length=38, elements={
0x00000000029a8c10, 0x000000001d59b9d0, 0x000000001d59c590, 0x000000001d5b3e70,
0x000000001d5b6940, 0x000000001d5b7300, 0x000000001d5b7cc0, 0x000000001d5b99c0,
0x000000001d5d7270, 0x000000001d60e850, 0x000000001d583210, 0x00000000374d6cd0,
0x0000000037b51a70, 0x0000000038a86760, 0x0000000037c1b450, 0x0000000039145460,
0x0000000037c3ba50, 0x0000000037c3bf60, 0x0000000037c3a610, 0x0000000037c3d3a0,
0x0000000037c3c470, 0x0000000037c3c980, 0x0000000037c3b030, 0x0000000037c3b540,
0x0000000037c3ab20, 0x0000000037c3d8b0, 0x0000000037c3ce90, 0x0000000037c3a100,
0x0000000038abeb90, 0x0000000038abf0a0, 0x0000000038ac1410, 0x0000000038abffd0,
0x0000000038ac04e0, 0x0000000038ac41a0, 0x0000000038ac3270, 0x0000000038ac1920,
0x0000000038ac3c90, 0x0000000038ac2340
}

Java Threads: ( => current thread )
  0x00000000029a8c10 JavaThread "main" [_thread_blocked, id=17080, stack(0x0000000002070000,0x0000000002170000)]
  0x000000001d59b9d0 JavaThread "Reference Handler" daemon [_thread_blocked, id=2704, stack(0x000000001d910000,0x000000001da10000)]
  0x000000001d59c590 JavaThread "Finalizer" daemon [_thread_blocked, id=15232, stack(0x000000001da10000,0x000000001db10000)]
  0x000000001d5b3e70 JavaThread "Signal Dispatcher" daemon [_thread_blocked, id=17428, stack(0x000000001dc20000,0x000000001dd20000)]
  0x000000001d5b6940 JavaThread "Attach Listener" daemon [_thread_blocked, id=13348, stack(0x000000001dd20000,0x000000001de20000)]
  0x000000001d5b7300 JavaThread "Service Thread" daemon [_thread_blocked, id=18112, stack(0x000000001de20000,0x000000001df20000)]
  0x000000001d5b7cc0 JavaThread "Monitor Deflation Thread" daemon [_thread_blocked, id=14948, stack(0x0000000037000000,0x0000000037100000)]
=>0x000000001d5b99c0 JavaThread "C2 CompilerThread0" daemon [_thread_in_native, id=18364, stack(0x0000000037100000,0x0000000037200000)]
  0x000000001d5d7270 JavaThread "C1 CompilerThread0" daemon [_thread_blocked, id=1876, stack(0x0000000037200000,0x0000000037300000)]
  0x000000001d60e850 JavaThread "Sweeper thread" daemon [_thread_blocked, id=4752, stack(0x0000000037700000,0x0000000037800000)]
  0x000000001d583210 JavaThread "Common-Cleaner" daemon [_thread_blocked, id=18028, stack(0x0000000037800000,0x0000000037900000)]
  0x00000000374d6cd0 JavaThread "Notification Thread" daemon [_thread_blocked, id=5328, stack(0x0000000037900000,0x0000000037a00000)]
  0x0000000037b51a70 JavaThread "Daemon health stats" [_thread_blocked, id=10192, stack(0x000000003a7a0000,0x000000003a8a0000)]
  0x0000000038a86760 JavaThread "Incoming local TCP Connector on port 57254" [_thread_in_native, id=15024, stack(0x000000003abe0000,0x000000003ace0000)]
  0x0000000037c1b450 JavaThread "Daemon periodic checks" [_thread_blocked, id=17456, stack(0x000000003ae40000,0x000000003af40000)]
  0x0000000039145460 JavaThread "Daemon" [_thread_blocked, id=7872, stack(0x000000003b040000,0x000000003b140000)]
  0x0000000037c3ba50 JavaThread "Handler for socket connection from /127.0.0.1:57254 to /127.0.0.1:57256" [_thread_in_native, id=14260, stack(0x000000003b140000,0x000000003b240000)]
  0x0000000037c3bf60 JavaThread "Cancel handler" [_thread_blocked, id=12376, stack(0x000000003b240000,0x000000003b340000)]
  0x0000000037c3a610 JavaThread "Daemon worker" [_thread_in_Java, id=12256, stack(0x000000003b340000,0x000000003b440000)]
  0x0000000037c3d3a0 JavaThread "Asynchronous log dispatcher for DefaultDaemonConnection: socket connection from /127.0.0.1:57254 to /127.0.0.1:57256" [_thread_blocked, id=14376, stack(0x000000003b440000,0x000000003b540000)]
  0x0000000037c3c470 JavaThread "Stdin handler" [_thread_blocked, id=2884, stack(0x000000003b540000,0x000000003b640000)]
  0x0000000037c3c980 JavaThread "Daemon client event forwarder" [_thread_blocked, id=15420, stack(0x000000003b640000,0x000000003b740000)]
  0x0000000037c3b030 JavaThread "Cache worker for journal cache (C:\Users\arche\.gradle\caches\journal-1)" [_thread_blocked, id=5920, stack(0x00000000006c0000,0x00000000007c0000)]
  0x0000000037c3b540 JavaThread "File lock request listener" [_thread_in_native, id=20860, stack(0x00000000007c0000,0x00000000008c0000)]
  0x0000000037c3ab20 JavaThread "Cache worker for file hash cache (C:\Users\arche\.gradle\caches\8.10.2\fileHashes)" [_thread_blocked, id=10592, stack(0x000000003b940000,0x000000003ba40000)]
  0x0000000037c3d8b0 JavaThread "Cache worker for file hash cache (D:\LernPractSpring\LearnPract4\.gradle\8.10.2\fileHashes)" [_thread_blocked, id=13060, stack(0x000000003ca10000,0x000000003cb10000)]
  0x0000000037c3ce90 JavaThread "Cache worker for Build Output Cleanup Cache (D:\LernPractSpring\LearnPract4\.gradle\buildOutputCleanup)" [_thread_blocked, id=5556, stack(0x000000003cb10000,0x000000003cc10000)]
  0x0000000037c3a100 JavaThread "File watcher server" daemon [_thread_in_native, id=17608, stack(0x000000003d150000,0x000000003d250000)]
  0x0000000038abeb90 JavaThread "File watcher consumer" daemon [_thread_blocked, id=17704, stack(0x000000003d250000,0x000000003d350000)]
  0x0000000038abf0a0 JavaThread "Cache worker for checksums cache (D:\LernPractSpring\LearnPract4\.gradle\8.10.2\checksums)" [_thread_blocked, id=14412, stack(0x000000003d350000,0x000000003d450000)]
  0x0000000038ac1410 JavaThread "File lock release action executor" [_thread_blocked, id=9856, stack(0x000000003d450000,0x000000003d550000)]
  0x0000000038abffd0 JavaThread "Cache worker for file content cache (C:\Users\arche\.gradle\caches\8.10.2\fileContent)" [_thread_blocked, id=17444, stack(0x000000003d550000,0x000000003d650000)]
  0x0000000038ac04e0 JavaThread "Cache worker for cache directory md-rule (C:\Users\arche\.gradle\caches\8.10.2\md-rule)" [_thread_blocked, id=2956, stack(0x000000003d650000,0x000000003d750000)]
  0x0000000038ac41a0 JavaThread "Cache worker for cache directory md-supplier (C:\Users\arche\.gradle\caches\8.10.2\md-supplier)" [_thread_blocked, id=20136, stack(0x000000003d750000,0x000000003d850000)]
  0x0000000038ac3270 JavaThread "jar transforms" [_thread_blocked, id=8596, stack(0x000000003d850000,0x000000003d950000)]
  0x0000000038ac1920 JavaThread "jar transforms Thread 2" [_thread_blocked, id=16528, stack(0x000000003d950000,0x000000003da50000)]
  0x0000000038ac3c90 JavaThread "jar transforms Thread 3" [_thread_blocked, id=15936, stack(0x000000003b840000,0x000000003b940000)]
  0x0000000038ac2340 JavaThread "jar transforms Thread 4" [_thread_blocked, id=14448, stack(0x000000003da50000,0x000000003db50000)]

Other Threads:
  0x000000001d592bd0 VMThread "VM Thread" [stack: 0x000000001d810000,0x000000001d910000] [id=776]
  0x00000000029a97d0 WatcherThread [stack: 0x0000000037a00000,0x0000000037b00000] [id=4772]
  0x00000000029d5200 GCTaskThread "GC Thread#0" [stack: 0x000000001a890000,0x000000001a990000] [id=14784]
  0x000000003769c680 GCTaskThread "GC Thread#1" [stack: 0x0000000038300000,0x0000000038400000] [id=14332]
  0x0000000037ed4c20 GCTaskThread "GC Thread#2" [stack: 0x0000000038400000,0x0000000038500000] [id=14532]
  0x00000000376f7640 GCTaskThread "GC Thread#3" [stack: 0x0000000038500000,0x0000000038600000] [id=7068]
  0x00000000374e4e00 GCTaskThread "GC Thread#4" [stack: 0x0000000038600000,0x0000000038700000] [id=9948]
  0x00000000374e50c0 GCTaskThread "GC Thread#5" [stack: 0x0000000038700000,0x0000000038800000] [id=8224]
  0x0000000038dead30 GCTaskThread "GC Thread#6" [stack: 0x000000003ce50000,0x000000003cf50000] [id=12596]
  0x0000000038e01c10 GCTaskThread "GC Thread#7" [stack: 0x000000003cf50000,0x000000003d050000] [id=10548]
  0x00000000029d9ff0 ConcurrentGCThread "G1 Main Marker" [stack: 0x000000001a990000,0x000000001aa90000] [id=6208]
  0x00000000029da8a0 ConcurrentGCThread "G1 Conc#0" [stack: 0x000000001aa90000,0x000000001ab90000] [id=12252]
  0x000000003bbda770 ConcurrentGCThread "G1 Conc#1" [stack: 0x000000003cc10000,0x000000003cd10000] [id=6732]
  0x000000001d4580f0 ConcurrentGCThread "G1 Refine#0" [stack: 0x000000001d610000,0x000000001d710000] [id=7644]
  0x000000003881cce0 ConcurrentGCThread "G1 Refine#1" [stack: 0x000000003cd10000,0x000000003ce10000] [id=1928]
  0x000000003881c700 ConcurrentGCThread "G1 Refine#2" [stack: 0x000000003d050000,0x000000003d150000] [id=2612]
  0x000000001d4587d0 ConcurrentGCThread "G1 Service" [stack: 0x000000001d710000,0x000000001d810000] [id=12452]

Threads with active compile tasks:
C2 CompilerThread0   176134 4635       4       java.net.URL::toString (5 bytes)

VM state: not at safepoint (normal execution)

VM Mutex/Monitor currently owned by a thread: None

Heap address: 0x00000000e0000000, size: 512 MB, Compressed Oops mode: 32-bit

CDS archive(s) mapped at: [0x000000001e000000-0x000000001ebd0000-0x000000001ebd0000), size 12386304, SharedBaseAddress: 0x000000001e000000, ArchiveRelocationMode: 1.
Compressed class space mapped at: 0x000000001f000000-0x0000000033000000, reserved size: 335544320
Narrow klass base: 0x000000001e000000, Narrow klass shift: 0, Narrow klass range: 0x100000000

GC Precious Log:
 CPUs: 8 total, 8 available
 Memory: 7103M
 Large Page Support: Disabled
 NUMA Support: Disabled
 Compressed Oops: Enabled (32-bit)
 Heap Region Size: 1M
 Heap Min Capacity: 256M
 Heap Initial Capacity: 256M
 Heap Max Capacity: 512M
 Pre-touch: Disabled
 Parallel Workers: 8
 Concurrent Workers: 2
 Concurrent Refinement Workers: 8
 Periodic GC: Disabled

Heap:
 garbage-first heap   total 262144K, used 65588K [0x00000000e0000000, 0x0000000100000000)
  region size 1024K, 36 young (36864K), 3 survivors (3072K)
 Metaspace       used 36661K, committed 37248K, reserved 393216K
  class space    used 5099K, committed 5376K, reserved 327680K

Heap Regions: E=young(eden), S=young(survivor), O=old, HS=humongous(starts), HC=humongous(continues), CS=collection set, F=free, OA=open archive, CA=closed archive, TAMS=top-at-mark-start (previous, next)
|   0|0x00000000e0000000, 0x00000000e0000000, 0x00000000e0100000|  0%| F|  |TAMS 0x00000000e0000000, 0x00000000e0000000| Untracked 
|   1|0x00000000e0100000, 0x00000000e0200000, 0x00000000e0200000|100%| O|  |TAMS 0x00000000e0200000, 0x00000000e0100000| Untracked 
|   2|0x00000000e0200000, 0x00000000e0300000, 0x00000000e0300000|100%|HS|  |TAMS 0x00000000e0300000, 0x00000000e0200000| Complete 
|   3|0x00000000e0300000, 0x00000000e0400000, 0x00000000e0400000|100%|HC|  |TAMS 0x00000000e0400000, 0x00000000e0300000| Complete 
|   4|0x00000000e0400000, 0x00000000e0500000, 0x00000000e0500000|100%|HC|  |TAMS 0x00000000e0500000, 0x00000000e0400000| Complete 
|   5|0x00000000e0500000, 0x00000000e0600000, 0x00000000e0600000|100%|HC|  |TAMS 0x00000000e0600000, 0x00000000e0500000| Complete 
|   6|0x00000000e0600000, 0x00000000e0700000, 0x00000000e0700000|100%| O|  |TAMS 0x00000000e0700000, 0x00000000e0600000| Untracked 
|   7|0x00000000e0700000, 0x00000000e0800000, 0x00000000e0800000|100%| O|  |TAMS 0x00000000e0800000, 0x00000000e0700000| Untracked 
|   8|0x00000000e0800000, 0x00000000e0900000, 0x00000000e0900000|100%| O|  |TAMS 0x00000000e0900000, 0x00000000e0800000| Untracked 
|   9|0x00000000e0900000, 0x00000000e0a00000, 0x00000000e0a00000|100%|HS|  |TAMS 0x00000000e0a00000, 0x00000000e0900000| Complete 
|  10|0x00000000e0a00000, 0x00000000e0b00000, 0x00000000e0b00000|100%| O|  |TAMS 0x00000000e0b00000, 0x00000000e0a00000| Untracked 
|  11|0x00000000e0b00000, 0x00000000e0c00000, 0x00000000e0c00000|100%| O|  |TAMS 0x00000000e0c00000, 0x00000000e0b00000| Untracked 
|  12|0x00000000e0c00000, 0x00000000e0d00000, 0x00000000e0d00000|100%| O|  |TAMS 0x00000000e0d00000, 0x00000000e0c00000| Untracked 
|  13|0x00000000e0d00000, 0x00000000e0e00000, 0x00000000e0e00000|100%| O|  |TAMS 0x00000000e0e00000, 0x00000000e0d00000| Untracked 
|  14|0x00000000e0e00000, 0x00000000e0f00000, 0x00000000e0f00000|100%| O|  |TAMS 0x00000000e0f00000, 0x00000000e0e00000| Untracked 
|  15|0x00000000e0f00000, 0x00000000e1000000, 0x00000000e1000000|100%| O|  |TAMS 0x00000000e1000000, 0x00000000e0f00000| Untracked 
|  16|0x00000000e1000000, 0x00000000e1100000, 0x00000000e1100000|100%| O|  |TAMS 0x00000000e1100000, 0x00000000e1000000| Untracked 
|  17|0x00000000e1100000, 0x00000000e1200000, 0x00000000e1200000|100%| O|  |TAMS 0x00000000e1200000, 0x00000000e1100000| Untracked 
|  18|0x00000000e1200000, 0x00000000e1300000, 0x00000000e1300000|100%| O|  |TAMS 0x00000000e1300000, 0x00000000e1200000| Untracked 
|  19|0x00000000e1300000, 0x00000000e1400000, 0x00000000e1400000|100%| O|  |TAMS 0x00000000e1400000, 0x00000000e1300000| Untracked 
|  20|0x00000000e1400000, 0x00000000e1500000, 0x00000000e1500000|100%| O|  |TAMS 0x00000000e1500000, 0x00000000e1400000| Untracked 
|  21|0x00000000e1500000, 0x00000000e1600000, 0x00000000e1600000|100%| O|  |TAMS 0x00000000e1600000, 0x00000000e1500000| Untracked 
|  22|0x00000000e1600000, 0x00000000e1700000, 0x00000000e1700000|100%| O|  |TAMS 0x00000000e1700000, 0x00000000e1600000| Untracked 
|  23|0x00000000e1700000, 0x00000000e1800000, 0x00000000e1800000|100%| O|  |TAMS 0x00000000e1800000, 0x00000000e1700000| Untracked 
|  24|0x00000000e1800000, 0x00000000e1900000, 0x00000000e1900000|100%| O|  |TAMS 0x00000000e1900000, 0x00000000e1800000| Untracked 
|  25|0x00000000e1900000, 0x00000000e1a00000, 0x00000000e1a00000|100%| O|  |TAMS 0x00000000e194ee00, 0x00000000e1900000| Untracked 
|  26|0x00000000e1a00000, 0x00000000e1a00000, 0x00000000e1b00000|  0%| F|  |TAMS 0x00000000e1a00000, 0x00000000e1a00000| Untracked 
|  27|0x00000000e1b00000, 0x00000000e1b00000, 0x00000000e1c00000|  0%| F|  |TAMS 0x00000000e1b00000, 0x00000000e1b00000| Untracked 
|  28|0x00000000e1c00000, 0x00000000e1c00000, 0x00000000e1d00000|  0%| F|  |TAMS 0x00000000e1c00000, 0x00000000e1c00000| Untracked 
|  29|0x00000000e1d00000, 0x00000000e1d00000, 0x00000000e1e00000|  0%| F|  |TAMS 0x00000000e1d00000, 0x00000000e1d00000| Untracked 
|  30|0x00000000e1e00000, 0x00000000e1f00000, 0x00000000e1f00000|100%| O|  |TAMS 0x00000000e1e00000, 0x00000000e1e00000| Untracked 
|  31|0x00000000e1f00000, 0x00000000e2000000, 0x00000000e2000000|100%| O|  |TAMS 0x00000000e1f00000, 0x00000000e1f00000| Untracked 
|  32|0x00000000e2000000, 0x00000000e2100000, 0x00000000e2100000|100%| O|  |TAMS 0x00000000e2000000, 0x00000000e2000000| Untracked 
|  33|0x00000000e2100000, 0x00000000e2200000, 0x00000000e2200000|100%| O|  |TAMS 0x00000000e2100000, 0x00000000e2100000| Untracked 
|  34|0x00000000e2200000, 0x00000000e2285c00, 0x00000000e2300000| 52%| O|  |TAMS 0x00000000e2200000, 0x00000000e2200000| Untracked 
|  35|0x00000000e2300000, 0x00000000e2300000, 0x00000000e2400000|  0%| F|  |TAMS 0x00000000e2300000, 0x00000000e2300000| Untracked 
|  36|0x00000000e2400000, 0x00000000e2400000, 0x00000000e2500000|  0%| F|  |TAMS 0x00000000e2400000, 0x00000000e2400000| Untracked 
|  37|0x00000000e2500000, 0x00000000e2500000, 0x00000000e2600000|  0%| F|  |TAMS 0x00000000e2500000, 0x00000000e2500000| Untracked 
|  38|0x00000000e2600000, 0x00000000e2600000, 0x00000000e2700000|  0%| F|  |TAMS 0x00000000e2600000, 0x00000000e2600000| Untracked 
|  39|0x00000000e2700000, 0x00000000e2700000, 0x00000000e2800000|  0%| F|  |TAMS 0x00000000e2700000, 0x00000000e2700000| Untracked 
|  40|0x00000000e2800000, 0x00000000e2800000, 0x00000000e2900000|  0%| F|  |TAMS 0x00000000e2800000, 0x00000000e2800000| Untracked 
|  41|0x00000000e2900000, 0x00000000e2900000, 0x00000000e2a00000|  0%| F|  |TAMS 0x00000000e2900000, 0x00000000e2900000| Untracked 
|  42|0x00000000e2a00000, 0x00000000e2a00000, 0x00000000e2b00000|  0%| F|  |TAMS 0x00000000e2a00000, 0x00000000e2a00000| Untracked 
|  43|0x00000000e2b00000, 0x00000000e2b00000, 0x00000000e2c00000|  0%| F|  |TAMS 0x00000000e2b00000, 0x00000000e2b00000| Untracked 
|  44|0x00000000e2c00000, 0x00000000e2c00000, 0x00000000e2d00000|  0%| F|  |TAMS 0x00000000e2c00000, 0x00000000e2c00000| Untracked 
|  45|0x00000000e2d00000, 0x00000000e2d00000, 0x00000000e2e00000|  0%| F|  |TAMS 0x00000000e2d00000, 0x00000000e2d00000| Untracked 
|  46|0x00000000e2e00000, 0x00000000e2e00000, 0x00000000e2f00000|  0%| F|  |TAMS 0x00000000e2e00000, 0x00000000e2e00000| Untracked 
|  47|0x00000000e2f00000, 0x00000000e2f00000, 0x00000000e3000000|  0%| F|  |TAMS 0x00000000e2f00000, 0x00000000e2f00000| Untracked 
|  48|0x00000000e3000000, 0x00000000e3000000, 0x00000000e3100000|  0%| F|  |TAMS 0x00000000e3000000, 0x00000000e3000000| Untracked 
|  49|0x00000000e3100000, 0x00000000e3100000, 0x00000000e3200000|  0%| F|  |TAMS 0x00000000e3100000, 0x00000000e3100000| Untracked 
|  50|0x00000000e3200000, 0x00000000e3200000, 0x00000000e3300000|  0%| F|  |TAMS 0x00000000e3200000, 0x00000000e3200000| Untracked 
|  51|0x00000000e3300000, 0x00000000e3300000, 0x00000000e3400000|  0%| F|  |TAMS 0x00000000e3300000, 0x00000000e3300000| Untracked 
|  52|0x00000000e3400000, 0x00000000e3400000, 0x00000000e3500000|  0%| F|  |TAMS 0x00000000e3400000, 0x00000000e3400000| Untracked 
|  53|0x00000000e3500000, 0x00000000e3500000, 0x00000000e3600000|  0%| F|  |TAMS 0x00000000e3500000, 0x00000000e3500000| Untracked 
|  54|0x00000000e3600000, 0x00000000e3600000, 0x00000000e3700000|  0%| F|  |TAMS 0x00000000e3600000, 0x00000000e3600000| Untracked 
|  55|0x00000000e3700000, 0x00000000e3700000, 0x00000000e3800000|  0%| F|  |TAMS 0x00000000e3700000, 0x00000000e3700000| Untracked 
|  56|0x00000000e3800000, 0x00000000e3800000, 0x00000000e3900000|  0%| F|  |TAMS 0x00000000e3800000, 0x00000000e3800000| Untracked 
|  57|0x00000000e3900000, 0x00000000e3900000, 0x00000000e3a00000|  0%| F|  |TAMS 0x00000000e3900000, 0x00000000e3900000| Untracked 
|  58|0x00000000e3a00000, 0x00000000e3a00000, 0x00000000e3b00000|  0%| F|  |TAMS 0x00000000e3a00000, 0x00000000e3a00000| Untracked 
|  59|0x00000000e3b00000, 0x00000000e3b00000, 0x00000000e3c00000|  0%| F|  |TAMS 0x00000000e3b00000, 0x00000000e3b00000| Untracked 
|  60|0x00000000e3c00000, 0x00000000e3c00000, 0x00000000e3d00000|  0%| F|  |TAMS 0x00000000e3c00000, 0x00000000e3c00000| Untracked 
|  61|0x00000000e3d00000, 0x00000000e3d00000, 0x00000000e3e00000|  0%| F|  |TAMS 0x00000000e3d00000, 0x00000000e3d00000| Untracked 
|  62|0x00000000e3e00000, 0x00000000e3e00000, 0x00000000e3f00000|  0%| F|  |TAMS 0x00000000e3e00000, 0x00000000e3e00000| Untracked 
|  63|0x00000000e3f00000, 0x00000000e3f00000, 0x00000000e4000000|  0%| F|  |TAMS 0x00000000e3f00000, 0x00000000e3f00000| Untracked 
|  64|0x00000000e4000000, 0x00000000e4000000, 0x00000000e4100000|  0%| F|  |TAMS 0x00000000e4000000, 0x00000000e4000000| Untracked 
|  65|0x00000000e4100000, 0x00000000e4100000, 0x00000000e4200000|  0%| F|  |TAMS 0x00000000e4100000, 0x00000000e4100000| Untracked 
|  66|0x00000000e4200000, 0x00000000e4200000, 0x00000000e4300000|  0%| F|  |TAMS 0x00000000e4200000, 0x00000000e4200000| Untracked 
|  67|0x00000000e4300000, 0x00000000e4300000, 0x00000000e4400000|  0%| F|  |TAMS 0x00000000e4300000, 0x00000000e4300000| Untracked 
|  68|0x00000000e4400000, 0x00000000e4400000, 0x00000000e4500000|  0%| F|  |TAMS 0x00000000e4400000, 0x00000000e4400000| Untracked 
|  69|0x00000000e4500000, 0x00000000e4500000, 0x00000000e4600000|  0%| F|  |TAMS 0x00000000e4500000, 0x00000000e4500000| Untracked 
|  70|0x00000000e4600000, 0x00000000e4600000, 0x00000000e4700000|  0%| F|  |TAMS 0x00000000e4600000, 0x00000000e4600000| Untracked 
|  71|0x00000000e4700000, 0x00000000e4700000, 0x00000000e4800000|  0%| F|  |TAMS 0x00000000e4700000, 0x00000000e4700000| Untracked 
|  72|0x00000000e4800000, 0x00000000e4800000, 0x00000000e4900000|  0%| F|  |TAMS 0x00000000e4800000, 0x00000000e4800000| Untracked 
|  73|0x00000000e4900000, 0x00000000e4900000, 0x00000000e4a00000|  0%| F|  |TAMS 0x00000000e4900000, 0x00000000e4900000| Untracked 
|  74|0x00000000e4a00000, 0x00000000e4a00000, 0x00000000e4b00000|  0%| F|  |TAMS 0x00000000e4a00000, 0x00000000e4a00000| Untracked 
|  75|0x00000000e4b00000, 0x00000000e4b00000, 0x00000000e4c00000|  0%| F|  |TAMS 0x00000000e4b00000, 0x00000000e4b00000| Untracked 
|  76|0x00000000e4c00000, 0x00000000e4c00000, 0x00000000e4d00000|  0%| F|  |TAMS 0x00000000e4c00000, 0x00000000e4c00000| Untracked 
|  77|0x00000000e4d00000, 0x00000000e4d00000, 0x00000000e4e00000|  0%| F|  |TAMS 0x00000000e4d00000, 0x00000000e4d00000| Untracked 
|  78|0x00000000e4e00000, 0x00000000e4e00000, 0x00000000e4f00000|  0%| F|  |TAMS 0x00000000e4e00000, 0x00000000e4e00000| Untracked 
|  79|0x00000000e4f00000, 0x00000000e4f00000, 0x00000000e5000000|  0%| F|  |TAMS 0x00000000e4f00000, 0x00000000e4f00000| Untracked 
|  80|0x00000000e5000000, 0x00000000e5000000, 0x00000000e5100000|  0%| F|  |TAMS 0x00000000e5000000, 0x00000000e5000000| Untracked 
|  81|0x00000000e5100000, 0x00000000e5100000, 0x00000000e5200000|  0%| F|  |TAMS 0x00000000e5100000, 0x00000000e5100000| Untracked 
|  82|0x00000000e5200000, 0x00000000e5200000, 0x00000000e5300000|  0%| F|  |TAMS 0x00000000e5200000, 0x00000000e5200000| Untracked 
|  83|0x00000000e5300000, 0x00000000e5300000, 0x00000000e5400000|  0%| F|  |TAMS 0x00000000e5300000, 0x00000000e5300000| Untracked 
|  84|0x00000000e5400000, 0x00000000e5400000, 0x00000000e5500000|  0%| F|  |TAMS 0x00000000e5400000, 0x00000000e5400000| Untracked 
|  85|0x00000000e5500000, 0x00000000e5500000, 0x00000000e5600000|  0%| F|  |TAMS 0x00000000e5500000, 0x00000000e5500000| Untracked 
|  86|0x00000000e5600000, 0x00000000e5600000, 0x00000000e5700000|  0%| F|  |TAMS 0x00000000e5600000, 0x00000000e5600000| Untracked 
|  87|0x00000000e5700000, 0x00000000e5700000, 0x00000000e5800000|  0%| F|  |TAMS 0x00000000e5700000, 0x00000000e5700000| Untracked 
|  88|0x00000000e5800000, 0x00000000e5800000, 0x00000000e5900000|  0%| F|  |TAMS 0x00000000e5800000, 0x00000000e5800000| Untracked 
|  89|0x00000000e5900000, 0x00000000e5900000, 0x00000000e5a00000|  0%| F|  |TAMS 0x00000000e5900000, 0x00000000e5900000| Untracked 
|  90|0x00000000e5a00000, 0x00000000e5a00000, 0x00000000e5b00000|  0%| F|  |TAMS 0x00000000e5a00000, 0x00000000e5a00000| Untracked 
|  91|0x00000000e5b00000, 0x00000000e5b00000, 0x00000000e5c00000|  0%| F|  |TAMS 0x00000000e5b00000, 0x00000000e5b00000| Untracked 
|  92|0x00000000e5c00000, 0x00000000e5c00000, 0x00000000e5d00000|  0%| F|  |TAMS 0x00000000e5c00000, 0x00000000e5c00000| Untracked 
|  93|0x00000000e5d00000, 0x00000000e5d00000, 0x00000000e5e00000|  0%| F|  |TAMS 0x00000000e5d00000, 0x00000000e5d00000| Untracked 
|  94|0x00000000e5e00000, 0x00000000e5e00000, 0x00000000e5f00000|  0%| F|  |TAMS 0x00000000e5e00000, 0x00000000e5e00000| Untracked 
|  95|0x00000000e5f00000, 0x00000000e5f00000, 0x00000000e6000000|  0%| F|  |TAMS 0x00000000e5f00000, 0x00000000e5f00000| Untracked 
|  96|0x00000000e6000000, 0x00000000e6000000, 0x00000000e6100000|  0%| F|  |TAMS 0x00000000e6000000, 0x00000000e6000000| Untracked 
|  97|0x00000000e6100000, 0x00000000e6100000, 0x00000000e6200000|  0%| F|  |TAMS 0x00000000e6100000, 0x00000000e6100000| Untracked 
|  98|0x00000000e6200000, 0x00000000e6200000, 0x00000000e6300000|  0%| F|  |TAMS 0x00000000e6200000, 0x00000000e6200000| Untracked 
|  99|0x00000000e6300000, 0x00000000e6300000, 0x00000000e6400000|  0%| F|  |TAMS 0x00000000e6300000, 0x00000000e6300000| Untracked 
| 100|0x00000000e6400000, 0x00000000e6400000, 0x00000000e6500000|  0%| F|  |TAMS 0x00000000e6400000, 0x00000000e6400000| Untracked 
| 101|0x00000000e6500000, 0x00000000e6500000, 0x00000000e6600000|  0%| F|  |TAMS 0x00000000e6500000, 0x00000000e6500000| Untracked 
| 102|0x00000000e6600000, 0x00000000e6600000, 0x00000000e6700000|  0%| F|  |TAMS 0x00000000e6600000, 0x00000000e6600000| Untracked 
| 103|0x00000000e6700000, 0x00000000e6700000, 0x00000000e6800000|  0%| F|  |TAMS 0x00000000e6700000, 0x00000000e6700000| Untracked 
| 104|0x00000000e6800000, 0x00000000e6800000, 0x00000000e6900000|  0%| F|  |TAMS 0x00000000e6800000, 0x00000000e6800000| Untracked 
| 105|0x00000000e6900000, 0x00000000e6900000, 0x00000000e6a00000|  0%| F|  |TAMS 0x00000000e6900000, 0x00000000e6900000| Untracked 
| 106|0x00000000e6a00000, 0x00000000e6a00000, 0x00000000e6b00000|  0%| F|  |TAMS 0x00000000e6a00000, 0x00000000e6a00000| Untracked 
| 107|0x00000000e6b00000, 0x00000000e6b00000, 0x00000000e6c00000|  0%| F|  |TAMS 0x00000000e6b00000, 0x00000000e6b00000| Untracked 
| 108|0x00000000e6c00000, 0x00000000e6c00000, 0x00000000e6d00000|  0%| F|  |TAMS 0x00000000e6c00000, 0x00000000e6c00000| Untracked 
| 109|0x00000000e6d00000, 0x00000000e6d00000, 0x00000000e6e00000|  0%| F|  |TAMS 0x00000000e6d00000, 0x00000000e6d00000| Untracked 
| 110|0x00000000e6e00000, 0x00000000e6e00000, 0x00000000e6f00000|  0%| F|  |TAMS 0x00000000e6e00000, 0x00000000e6e00000| Untracked 
| 111|0x00000000e6f00000, 0x00000000e6f00000, 0x00000000e7000000|  0%| F|  |TAMS 0x00000000e6f00000, 0x00000000e6f00000| Untracked 
| 112|0x00000000e7000000, 0x00000000e7000000, 0x00000000e7100000|  0%| F|  |TAMS 0x00000000e7000000, 0x00000000e7000000| Untracked 
| 113|0x00000000e7100000, 0x00000000e7100000, 0x00000000e7200000|  0%| F|  |TAMS 0x00000000e7100000, 0x00000000e7100000| Untracked 
| 114|0x00000000e7200000, 0x00000000e7200000, 0x00000000e7300000|  0%| F|  |TAMS 0x00000000e7200000, 0x00000000e7200000| Untracked 
| 115|0x00000000e7300000, 0x00000000e7300000, 0x00000000e7400000|  0%| F|  |TAMS 0x00000000e7300000, 0x00000000e7300000| Untracked 
| 116|0x00000000e7400000, 0x00000000e7400000, 0x00000000e7500000|  0%| F|  |TAMS 0x00000000e7400000, 0x00000000e7400000| Untracked 
| 117|0x00000000e7500000, 0x00000000e7500000, 0x00000000e7600000|  0%| F|  |TAMS 0x00000000e7500000, 0x00000000e7500000| Untracked 
| 118|0x00000000e7600000, 0x00000000e7600000, 0x00000000e7700000|  0%| F|  |TAMS 0x00000000e7600000, 0x00000000e7600000| Untracked 
| 119|0x00000000e7700000, 0x00000000e7700000, 0x00000000e7800000|  0%| F|  |TAMS 0x00000000e7700000, 0x00000000e7700000| Untracked 
| 120|0x00000000e7800000, 0x00000000e7800000, 0x00000000e7900000|  0%| F|  |TAMS 0x00000000e7800000, 0x00000000e7800000| Untracked 
| 121|0x00000000e7900000, 0x00000000e7900000, 0x00000000e7a00000|  0%| F|  |TAMS 0x00000000e7900000, 0x00000000e7900000| Untracked 
| 122|0x00000000e7a00000, 0x00000000e7a00000, 0x00000000e7b00000|  0%| F|  |TAMS 0x00000000e7a00000, 0x00000000e7a00000| Untracked 
| 123|0x00000000e7b00000, 0x00000000e7b00000, 0x00000000e7c00000|  0%| F|  |TAMS 0x00000000e7b00000, 0x00000000e7b00000| Untracked 
| 124|0x00000000e7c00000, 0x00000000e7c00000, 0x00000000e7d00000|  0%| F|  |TAMS 0x00000000e7c00000, 0x00000000e7c00000| Untracked 
| 125|0x00000000e7d00000, 0x00000000e7d00000, 0x00000000e7e00000|  0%| F|  |TAMS 0x00000000e7d00000, 0x00000000e7d00000| Untracked 
| 126|0x00000000e7e00000, 0x00000000e7e00000, 0x00000000e7f00000|  0%| F|  |TAMS 0x00000000e7e00000, 0x00000000e7e00000| Untracked 
| 127|0x00000000e7f00000, 0x00000000e7f00000, 0x00000000e8000000|  0%| F|  |TAMS 0x00000000e7f00000, 0x00000000e7f00000| Untracked 
| 128|0x00000000e8000000, 0x00000000e8000000, 0x00000000e8100000|  0%| F|  |TAMS 0x00000000e8000000, 0x00000000e8000000| Untracked 
| 129|0x00000000e8100000, 0x00000000e8100000, 0x00000000e8200000|  0%| F|  |TAMS 0x00000000e8100000, 0x00000000e8100000| Untracked 
| 130|0x00000000e8200000, 0x00000000e8200000, 0x00000000e8300000|  0%| F|  |TAMS 0x00000000e8200000, 0x00000000e8200000| Untracked 
| 131|0x00000000e8300000, 0x00000000e8300000, 0x00000000e8400000|  0%| F|  |TAMS 0x00000000e8300000, 0x00000000e8300000| Untracked 
| 132|0x00000000e8400000, 0x00000000e8400000, 0x00000000e8500000|  0%| F|  |TAMS 0x00000000e8400000, 0x00000000e8400000| Untracked 
| 133|0x00000000e8500000, 0x00000000e8500000, 0x00000000e8600000|  0%| F|  |TAMS 0x00000000e8500000, 0x00000000e8500000| Untracked 
| 134|0x00000000e8600000, 0x00000000e8600000, 0x00000000e8700000|  0%| F|  |TAMS 0x00000000e8600000, 0x00000000e8600000| Untracked 
| 135|0x00000000e8700000, 0x00000000e8700000, 0x00000000e8800000|  0%| F|  |TAMS 0x00000000e8700000, 0x00000000e8700000| Untracked 
| 136|0x00000000e8800000, 0x00000000e8800000, 0x00000000e8900000|  0%| F|  |TAMS 0x00000000e8800000, 0x00000000e8800000| Untracked 
| 137|0x00000000e8900000, 0x00000000e8900000, 0x00000000e8a00000|  0%| F|  |TAMS 0x00000000e8900000, 0x00000000e8900000| Untracked 
| 138|0x00000000e8a00000, 0x00000000e8a00000, 0x00000000e8b00000|  0%| F|  |TAMS 0x00000000e8a00000, 0x00000000e8a00000| Untracked 
| 139|0x00000000e8b00000, 0x00000000e8b00000, 0x00000000e8c00000|  0%| F|  |TAMS 0x00000000e8b00000, 0x00000000e8b00000| Untracked 
| 140|0x00000000e8c00000, 0x00000000e8c00000, 0x00000000e8d00000|  0%| F|  |TAMS 0x00000000e8c00000, 0x00000000e8c00000| Untracked 
| 141|0x00000000e8d00000, 0x00000000e8d00000, 0x00000000e8e00000|  0%| F|  |TAMS 0x00000000e8d00000, 0x00000000e8d00000| Untracked 
| 142|0x00000000e8e00000, 0x00000000e8e00000, 0x00000000e8f00000|  0%| F|  |TAMS 0x00000000e8e00000, 0x00000000e8e00000| Untracked 
| 143|0x00000000e8f00000, 0x00000000e8f00000, 0x00000000e9000000|  0%| F|  |TAMS 0x00000000e8f00000, 0x00000000e8f00000| Untracked 
| 144|0x00000000e9000000, 0x00000000e9000000, 0x00000000e9100000|  0%| F|  |TAMS 0x00000000e9000000, 0x00000000e9000000| Untracked 
| 145|0x00000000e9100000, 0x00000000e9100000, 0x00000000e9200000|  0%| F|  |TAMS 0x00000000e9100000, 0x00000000e9100000| Untracked 
| 146|0x00000000e9200000, 0x00000000e9200000, 0x00000000e9300000|  0%| F|  |TAMS 0x00000000e9200000, 0x00000000e9200000| Untracked 
| 147|0x00000000e9300000, 0x00000000e9300000, 0x00000000e9400000|  0%| F|  |TAMS 0x00000000e9300000, 0x00000000e9300000| Untracked 
| 148|0x00000000e9400000, 0x00000000e9400000, 0x00000000e9500000|  0%| F|  |TAMS 0x00000000e9400000, 0x00000000e9400000| Untracked 
| 149|0x00000000e9500000, 0x00000000e9500000, 0x00000000e9600000|  0%| F|  |TAMS 0x00000000e9500000, 0x00000000e9500000| Untracked 
| 150|0x00000000e9600000, 0x00000000e9600000, 0x00000000e9700000|  0%| F|  |TAMS 0x00000000e9600000, 0x00000000e9600000| Untracked 
| 151|0x00000000e9700000, 0x00000000e9700000, 0x00000000e9800000|  0%| F|  |TAMS 0x00000000e9700000, 0x00000000e9700000| Untracked 
| 152|0x00000000e9800000, 0x00000000e9800000, 0x00000000e9900000|  0%| F|  |TAMS 0x00000000e9800000, 0x00000000e9800000| Untracked 
| 153|0x00000000e9900000, 0x00000000e9900000, 0x00000000e9a00000|  0%| F|  |TAMS 0x00000000e9900000, 0x00000000e9900000| Untracked 
| 154|0x00000000e9a00000, 0x00000000e9a00000, 0x00000000e9b00000|  0%| F|  |TAMS 0x00000000e9a00000, 0x00000000e9a00000| Untracked 
| 155|0x00000000e9b00000, 0x00000000e9b00000, 0x00000000e9c00000|  0%| F|  |TAMS 0x00000000e9b00000, 0x00000000e9b00000| Untracked 
| 156|0x00000000e9c00000, 0x00000000e9c00000, 0x00000000e9d00000|  0%| F|  |TAMS 0x00000000e9c00000, 0x00000000e9c00000| Untracked 
| 157|0x00000000e9d00000, 0x00000000e9d00000, 0x00000000e9e00000|  0%| F|  |TAMS 0x00000000e9d00000, 0x00000000e9d00000| Untracked 
| 158|0x00000000e9e00000, 0x00000000e9e00000, 0x00000000e9f00000|  0%| F|  |TAMS 0x00000000e9e00000, 0x00000000e9e00000| Untracked 
| 159|0x00000000e9f00000, 0x00000000e9f00000, 0x00000000ea000000|  0%| F|  |TAMS 0x00000000e9f00000, 0x00000000e9f00000| Untracked 
| 160|0x00000000ea000000, 0x00000000ea000000, 0x00000000ea100000|  0%| F|  |TAMS 0x00000000ea000000, 0x00000000ea000000| Untracked 
| 161|0x00000000ea100000, 0x00000000ea100000, 0x00000000ea200000|  0%| F|  |TAMS 0x00000000ea100000, 0x00000000ea100000| Untracked 
| 162|0x00000000ea200000, 0x00000000ea200000, 0x00000000ea300000|  0%| F|  |TAMS 0x00000000ea200000, 0x00000000ea200000| Untracked 
| 163|0x00000000ea300000, 0x00000000ea300000, 0x00000000ea400000|  0%| F|  |TAMS 0x00000000ea300000, 0x00000000ea300000| Untracked 
| 164|0x00000000ea400000, 0x00000000ea400000, 0x00000000ea500000|  0%| F|  |TAMS 0x00000000ea400000, 0x00000000ea400000| Untracked 
| 165|0x00000000ea500000, 0x00000000ea500000, 0x00000000ea600000|  0%| F|  |TAMS 0x00000000ea500000, 0x00000000ea500000| Untracked 
| 166|0x00000000ea600000, 0x00000000ea600000, 0x00000000ea700000|  0%| F|  |TAMS 0x00000000ea600000, 0x00000000ea600000| Untracked 
| 167|0x00000000ea700000, 0x00000000ea700000, 0x00000000ea800000|  0%| F|  |TAMS 0x00000000ea700000, 0x00000000ea700000| Untracked 
| 168|0x00000000ea800000, 0x00000000ea800000, 0x00000000ea900000|  0%| F|  |TAMS 0x00000000ea800000, 0x00000000ea800000| Untracked 
| 169|0x00000000ea900000, 0x00000000ea900000, 0x00000000eaa00000|  0%| F|  |TAMS 0x00000000ea900000, 0x00000000ea900000| Untracked 
| 170|0x00000000eaa00000, 0x00000000eaa00000, 0x00000000eab00000|  0%| F|  |TAMS 0x00000000eaa00000, 0x00000000eaa00000| Untracked 
| 171|0x00000000eab00000, 0x00000000eab00000, 0x00000000eac00000|  0%| F|  |TAMS 0x00000000eab00000, 0x00000000eab00000| Untracked 
| 172|0x00000000eac00000, 0x00000000eac00000, 0x00000000ead00000|  0%| F|  |TAMS 0x00000000eac00000, 0x00000000eac00000| Untracked 
| 173|0x00000000ead00000, 0x00000000ead00000, 0x00000000eae00000|  0%| F|  |TAMS 0x00000000ead00000, 0x00000000ead00000| Untracked 
| 174|0x00000000eae00000, 0x00000000eae00000, 0x00000000eaf00000|  0%| F|  |TAMS 0x00000000eae00000, 0x00000000eae00000| Untracked 
| 175|0x00000000eaf00000, 0x00000000eaf00000, 0x00000000eb000000|  0%| F|  |TAMS 0x00000000eaf00000, 0x00000000eaf00000| Untracked 
| 176|0x00000000eb000000, 0x00000000eb000000, 0x00000000eb100000|  0%| F|  |TAMS 0x00000000eb000000, 0x00000000eb000000| Untracked 
| 177|0x00000000eb100000, 0x00000000eb100000, 0x00000000eb200000|  0%| F|  |TAMS 0x00000000eb100000, 0x00000000eb100000| Untracked 
| 178|0x00000000eb200000, 0x00000000eb200000, 0x00000000eb300000|  0%| F|  |TAMS 0x00000000eb200000, 0x00000000eb200000| Untracked 
| 179|0x00000000eb300000, 0x00000000eb300000, 0x00000000eb400000|  0%| F|  |TAMS 0x00000000eb300000, 0x00000000eb300000| Untracked 
| 180|0x00000000eb400000, 0x00000000eb400000, 0x00000000eb500000|  0%| F|  |TAMS 0x00000000eb400000, 0x00000000eb400000| Untracked 
| 181|0x00000000eb500000, 0x00000000eb500000, 0x00000000eb600000|  0%| F|  |TAMS 0x00000000eb500000, 0x00000000eb500000| Untracked 
| 182|0x00000000eb600000, 0x00000000eb600000, 0x00000000eb700000|  0%| F|  |TAMS 0x00000000eb600000, 0x00000000eb600000| Untracked 
| 183|0x00000000eb700000, 0x00000000eb700000, 0x00000000eb800000|  0%| F|  |TAMS 0x00000000eb700000, 0x00000000eb700000| Untracked 
| 184|0x00000000eb800000, 0x00000000eb800000, 0x00000000eb900000|  0%| F|  |TAMS 0x00000000eb800000, 0x00000000eb800000| Untracked 
| 185|0x00000000eb900000, 0x00000000eb900000, 0x00000000eba00000|  0%| F|  |TAMS 0x00000000eb900000, 0x00000000eb900000| Untracked 
| 186|0x00000000eba00000, 0x00000000eba00000, 0x00000000ebb00000|  0%| F|  |TAMS 0x00000000eba00000, 0x00000000eba00000| Untracked 
| 187|0x00000000ebb00000, 0x00000000ebb00000, 0x00000000ebc00000|  0%| F|  |TAMS 0x00000000ebb00000, 0x00000000ebb00000| Untracked 
| 188|0x00000000ebc00000, 0x00000000ebc00000, 0x00000000ebd00000|  0%| F|  |TAMS 0x00000000ebc00000, 0x00000000ebc00000| Untracked 
| 189|0x00000000ebd00000, 0x00000000ebd00000, 0x00000000ebe00000|  0%| F|  |TAMS 0x00000000ebd00000, 0x00000000ebd00000| Untracked 
| 190|0x00000000ebe00000, 0x00000000ebe00000, 0x00000000ebf00000|  0%| F|  |TAMS 0x00000000ebe00000, 0x00000000ebe00000| Untracked 
| 191|0x00000000ebf00000, 0x00000000ebf00000, 0x00000000ec000000|  0%| F|  |TAMS 0x00000000ebf00000, 0x00000000ebf00000| Untracked 
| 192|0x00000000ec000000, 0x00000000ec000000, 0x00000000ec100000|  0%| F|  |TAMS 0x00000000ec000000, 0x00000000ec000000| Untracked 
| 193|0x00000000ec100000, 0x00000000ec100000, 0x00000000ec200000|  0%| F|  |TAMS 0x00000000ec100000, 0x00000000ec100000| Untracked 
| 194|0x00000000ec200000, 0x00000000ec200000, 0x00000000ec300000|  0%| F|  |TAMS 0x00000000ec200000, 0x00000000ec200000| Untracked 
| 195|0x00000000ec300000, 0x00000000ec300000, 0x00000000ec400000|  0%| F|  |TAMS 0x00000000ec300000, 0x00000000ec300000| Untracked 
| 196|0x00000000ec400000, 0x00000000ec400000, 0x00000000ec500000|  0%| F|  |TAMS 0x00000000ec400000, 0x00000000ec400000| Untracked 
| 197|0x00000000ec500000, 0x00000000ec500000, 0x00000000ec600000|  0%| F|  |TAMS 0x00000000ec500000, 0x00000000ec500000| Untracked 
| 198|0x00000000ec600000, 0x00000000ec600000, 0x00000000ec700000|  0%| F|  |TAMS 0x00000000ec600000, 0x00000000ec600000| Untracked 
| 199|0x00000000ec700000, 0x00000000ec700000, 0x00000000ec800000|  0%| F|  |TAMS 0x00000000ec700000, 0x00000000ec700000| Untracked 
| 200|0x00000000ec800000, 0x00000000ec800000, 0x00000000ec900000|  0%| F|  |TAMS 0x00000000ec800000, 0x00000000ec800000| Untracked 
| 201|0x00000000ec900000, 0x00000000ec900000, 0x00000000eca00000|  0%| F|  |TAMS 0x00000000ec900000, 0x00000000ec900000| Untracked 
| 202|0x00000000eca00000, 0x00000000eca00000, 0x00000000ecb00000|  0%| F|  |TAMS 0x00000000eca00000, 0x00000000eca00000| Untracked 
| 203|0x00000000ecb00000, 0x00000000ecb00000, 0x00000000ecc00000|  0%| F|  |TAMS 0x00000000ecb00000, 0x00000000ecb00000| Untracked 
| 204|0x00000000ecc00000, 0x00000000ecc00000, 0x00000000ecd00000|  0%| F|  |TAMS 0x00000000ecc00000, 0x00000000ecc00000| Untracked 
| 205|0x00000000ecd00000, 0x00000000ecd00000, 0x00000000ece00000|  0%| F|  |TAMS 0x00000000ecd00000, 0x00000000ecd00000| Untracked 
| 206|0x00000000ece00000, 0x00000000ece00000, 0x00000000ecf00000|  0%| F|  |TAMS 0x00000000ece00000, 0x00000000ece00000| Untracked 
| 207|0x00000000ecf00000, 0x00000000ecf00000, 0x00000000ed000000|  0%| F|  |TAMS 0x00000000ecf00000, 0x00000000ecf00000| Untracked 
| 208|0x00000000ed000000, 0x00000000ed000000, 0x00000000ed100000|  0%| F|  |TAMS 0x00000000ed000000, 0x00000000ed000000| Untracked 
| 209|0x00000000ed100000, 0x00000000ed100000, 0x00000000ed200000|  0%| F|  |TAMS 0x00000000ed100000, 0x00000000ed100000| Untracked 
| 210|0x00000000ed200000, 0x00000000ed200000, 0x00000000ed300000|  0%| F|  |TAMS 0x00000000ed200000, 0x00000000ed200000| Untracked 
| 211|0x00000000ed300000, 0x00000000ed300000, 0x00000000ed400000|  0%| F|  |TAMS 0x00000000ed300000, 0x00000000ed300000| Untracked 
| 212|0x00000000ed400000, 0x00000000ed400000, 0x00000000ed500000|  0%| F|  |TAMS 0x00000000ed400000, 0x00000000ed400000| Untracked 
| 213|0x00000000ed500000, 0x00000000ed500000, 0x00000000ed600000|  0%| F|  |TAMS 0x00000000ed500000, 0x00000000ed500000| Untracked 
| 214|0x00000000ed600000, 0x00000000ed600000, 0x00000000ed700000|  0%| F|  |TAMS 0x00000000ed600000, 0x00000000ed600000| Untracked 
| 215|0x00000000ed700000, 0x00000000ed700000, 0x00000000ed800000|  0%| F|  |TAMS 0x00000000ed700000, 0x00000000ed700000| Untracked 
| 216|0x00000000ed800000, 0x00000000ed800000, 0x00000000ed900000|  0%| F|  |TAMS 0x00000000ed800000, 0x00000000ed800000| Untracked 
| 217|0x00000000ed900000, 0x00000000ed900000, 0x00000000eda00000|  0%| F|  |TAMS 0x00000000ed900000, 0x00000000ed900000| Untracked 
| 218|0x00000000eda00000, 0x00000000eda00000, 0x00000000edb00000|  0%| F|  |TAMS 0x00000000eda00000, 0x00000000eda00000| Untracked 
| 219|0x00000000edb00000, 0x00000000edb00000, 0x00000000edc00000|  0%| F|  |TAMS 0x00000000edb00000, 0x00000000edb00000| Untracked 
| 220|0x00000000edc00000, 0x00000000edc81c10, 0x00000000edd00000| 50%| E|  |TAMS 0x00000000edc00000, 0x00000000edc00000| Complete 
| 221|0x00000000edd00000, 0x00000000ede00000, 0x00000000ede00000|100%| E|CS|TAMS 0x00000000edd00000, 0x00000000edd00000| Complete 
| 222|0x00000000ede00000, 0x00000000edf00000, 0x00000000edf00000|100%| E|CS|TAMS 0x00000000ede00000, 0x00000000ede00000| Complete 
| 223|0x00000000edf00000, 0x00000000ee000000, 0x00000000ee000000|100%| E|CS|TAMS 0x00000000edf00000, 0x00000000edf00000| Complete 
| 224|0x00000000ee000000, 0x00000000ee100000, 0x00000000ee100000|100%| E|CS|TAMS 0x00000000ee000000, 0x00000000ee000000| Complete 
| 225|0x00000000ee100000, 0x00000000ee200000, 0x00000000ee200000|100%| E|CS|TAMS 0x00000000ee100000, 0x00000000ee100000| Complete 
| 226|0x00000000ee200000, 0x00000000ee300000, 0x00000000ee300000|100%| E|CS|TAMS 0x00000000ee200000, 0x00000000ee200000| Complete 
| 227|0x00000000ee300000, 0x00000000ee400000, 0x00000000ee400000|100%| E|CS|TAMS 0x00000000ee300000, 0x00000000ee300000| Complete 
| 228|0x00000000ee400000, 0x00000000ee500000, 0x00000000ee500000|100%| E|CS|TAMS 0x00000000ee400000, 0x00000000ee400000| Complete 
| 229|0x00000000ee500000, 0x00000000ee600000, 0x00000000ee600000|100%| E|CS|TAMS 0x00000000ee500000, 0x00000000ee500000| Complete 
| 230|0x00000000ee600000, 0x00000000ee687528, 0x00000000ee700000| 52%| S|CS|TAMS 0x00000000ee600000, 0x00000000ee600000| Complete 
| 231|0x00000000ee700000, 0x00000000ee800000, 0x00000000ee800000|100%| S|CS|TAMS 0x00000000ee700000, 0x00000000ee700000| Complete 
| 232|0x00000000ee800000, 0x00000000ee900000, 0x00000000ee900000|100%| S|CS|TAMS 0x00000000ee800000, 0x00000000ee800000| Complete 
| 233|0x00000000ee900000, 0x00000000eea00000, 0x00000000eea00000|100%| E|CS|TAMS 0x00000000ee900000, 0x00000000ee900000| Complete 
| 234|0x00000000eea00000, 0x00000000eeb00000, 0x00000000eeb00000|100%| E|CS|TAMS 0x00000000eea00000, 0x00000000eea00000| Complete 
| 235|0x00000000eeb00000, 0x00000000eec00000, 0x00000000eec00000|100%| E|CS|TAMS 0x00000000eeb00000, 0x00000000eeb00000| Complete 
| 236|0x00000000eec00000, 0x00000000eed00000, 0x00000000eed00000|100%| E|CS|TAMS 0x00000000eec00000, 0x00000000eec00000| Complete 
| 237|0x00000000eed00000, 0x00000000eee00000, 0x00000000eee00000|100%| E|CS|TAMS 0x00000000eed00000, 0x00000000eed00000| Complete 
| 238|0x00000000eee00000, 0x00000000eef00000, 0x00000000eef00000|100%| E|CS|TAMS 0x00000000eee00000, 0x00000000eee00000| Complete 
| 239|0x00000000eef00000, 0x00000000ef000000, 0x00000000ef000000|100%| E|CS|TAMS 0x00000000eef00000, 0x00000000eef00000| Complete 
| 240|0x00000000ef000000, 0x00000000ef100000, 0x00000000ef100000|100%| E|CS|TAMS 0x00000000ef000000, 0x00000000ef000000| Complete 
| 241|0x00000000ef100000, 0x00000000ef200000, 0x00000000ef200000|100%| E|CS|TAMS 0x00000000ef100000, 0x00000000ef100000| Complete 
| 242|0x00000000ef200000, 0x00000000ef300000, 0x00000000ef300000|100%| E|CS|TAMS 0x00000000ef200000, 0x00000000ef200000| Complete 
| 243|0x00000000ef300000, 0x00000000ef400000, 0x00000000ef400000|100%| E|CS|TAMS 0x00000000ef300000, 0x00000000ef300000| Complete 
| 244|0x00000000ef400000, 0x00000000ef500000, 0x00000000ef500000|100%| E|CS|TAMS 0x00000000ef400000, 0x00000000ef400000| Complete 
| 245|0x00000000ef500000, 0x00000000ef600000, 0x00000000ef600000|100%| E|CS|TAMS 0x00000000ef500000, 0x00000000ef500000| Complete 
| 246|0x00000000ef600000, 0x00000000ef700000, 0x00000000ef700000|100%| E|CS|TAMS 0x00000000ef600000, 0x00000000ef600000| Complete 
| 247|0x00000000ef700000, 0x00000000ef800000, 0x00000000ef800000|100%| E|CS|TAMS 0x00000000ef700000, 0x00000000ef700000| Complete 
| 248|0x00000000ef800000, 0x00000000ef900000, 0x00000000ef900000|100%| E|CS|TAMS 0x00000000ef800000, 0x00000000ef800000| Complete 
| 249|0x00000000ef900000, 0x00000000efa00000, 0x00000000efa00000|100%| E|CS|TAMS 0x00000000ef900000, 0x00000000ef900000| Complete 
| 250|0x00000000efa00000, 0x00000000efb00000, 0x00000000efb00000|100%| E|CS|TAMS 0x00000000efa00000, 0x00000000efa00000| Complete 
| 251|0x00000000efb00000, 0x00000000efc00000, 0x00000000efc00000|100%| E|CS|TAMS 0x00000000efb00000, 0x00000000efb00000| Complete 
| 252|0x00000000efc00000, 0x00000000efd00000, 0x00000000efd00000|100%| E|CS|TAMS 0x00000000efc00000, 0x00000000efc00000| Complete 
| 253|0x00000000efd00000, 0x00000000efe00000, 0x00000000efe00000|100%| E|CS|TAMS 0x00000000efd00000, 0x00000000efd00000| Complete 
| 254|0x00000000efe00000, 0x00000000eff00000, 0x00000000eff00000|100%| E|CS|TAMS 0x00000000efe00000, 0x00000000efe00000| Complete 
| 255|0x00000000eff00000, 0x00000000f0000000, 0x00000000f0000000|100%| E|CS|TAMS 0x00000000eff00000, 0x00000000eff00000| Complete 

Card table byte_map: [0x0000000019690000,0x0000000019790000] _byte_map_base: 0x0000000018f90000

Marking Bits (Prev, Next): (CMBitMap*) 0x00000000029d56c0, (CMBitMap*) 0x00000000029d5700
 Prev Bits: [0x0000000019890000, 0x000000001a090000)
 Next Bits: [0x000000001a090000, 0x000000001a890000)

Polling page: 0x0000000002170000

Metaspace:

Usage:
  Non-class:     30.82 MB used.
      Class:      4.98 MB used.
       Both:     35.80 MB used.

Virtual space:
  Non-class space:       64.00 MB reserved,      31.12 MB ( 49%) committed,  1 nodes.
      Class space:      320.00 MB reserved,       5.25 MB (  2%) committed,  1 nodes.
             Both:      384.00 MB reserved,      36.38 MB (  9%) committed. 

Chunk freelists:
   Non-Class:  944.00 KB
       Class:  10.80 MB
        Both:  11.72 MB

MaxMetaspaceSize: 384.00 MB
CompressedClassSpaceSize: 320.00 MB
Initial GC threshold: 21.00 MB
Current GC threshold: 58.69 MB
CDS: on
MetaspaceReclaimPolicy: balanced
 - commit_granule_bytes: 65536.
 - commit_granule_words: 8192.
 - virtual_space_node_default_size: 8388608.
 - enlarge_chunks_in_place: 1.
 - new_chunks_are_fully_committed: 0.
 - uncommit_free_chunks: 1.
 - use_allocation_guard: 0.
 - handle_deallocations: 1.


Internal statistics:

num_allocs_failed_limit: 6.
num_arena_births: 526.
num_arena_deaths: 0.
num_vsnodes_births: 2.
num_vsnodes_deaths: 0.
num_space_committed: 582.
num_space_uncommitted: 0.
num_chunks_returned_to_freelist: 6.
num_chunks_taken_from_freelist: 1921.
num_chunk_merges: 6.
num_chunk_splits: 1278.
num_chunks_enlarged: 893.
num_inconsistent_stats: 0.

CodeHeap 'non-profiled nmethods': size=120000Kb used=2998Kb max_used=2998Kb free=117002Kb
 bounds [0x0000000011d30000, 0x0000000012020000, 0x0000000019260000]
CodeHeap 'profiled nmethods': size=120000Kb used=9399Kb max_used=9399Kb free=110600Kb
 bounds [0x000000000a260000, 0x000000000ab90000, 0x0000000011790000]
CodeHeap 'non-nmethods': size=5760Kb used=2294Kb max_used=2337Kb free=3465Kb
 bounds [0x0000000011790000, 0x0000000011a00000, 0x0000000011d30000]
 total_blobs=5430 nmethods=4626 adapters=716
 compilation: enabled
              stopped_count=0, restarted_count=0
 full_count=0

Compilation events (20 events):
Event: 175.367 Thread 0x000000001d5d7270 nmethod 4626 0x000000000ab80e90 code [0x000000000ab810a0, 0x000000000ab81548]
Event: 175.367 Thread 0x000000001d5d7270 4627       3       org.gradle.kotlin.dsl.provider.KotlinScriptClassPathProviderKt::access$isKotlinJar (5 bytes)
Event: 175.368 Thread 0x000000001d5d7270 nmethod 4627 0x000000000ab81790 code [0x000000000ab81920, 0x000000000ab81a28]
Event: 175.368 Thread 0x000000001d5d7270 4628       3       org.gradle.kotlin.dsl.provider.KotlinScriptClassPathProviderKt::isKotlinJar (30 bytes)
Event: 175.368 Thread 0x000000001d5d7270 nmethod 4628 0x000000000ab81b10 code [0x000000000ab81ce0, 0x000000000ab81fd8]
Event: 175.434 Thread 0x000000001d5d7270 4629       3       java.net.URI::<init> (23 bytes)
Event: 175.435 Thread 0x000000001d5d7270 nmethod 4629 0x000000000ab82110 code [0x000000000ab822e0, 0x000000000ab826c8]
Event: 175.435 Thread 0x000000001d5d7270 4630       3       java.net.URI::getPath (31 bytes)
Event: 175.436 Thread 0x000000001d5d7270 nmethod 4630 0x000000000ab82810 code [0x000000000ab829c0, 0x000000000ab82c48]
Event: 175.436 Thread 0x000000001d5d7270 4631       3       java.net.URI::decode (6 bytes)
Event: 175.436 Thread 0x000000001d5d7270 nmethod 4631 0x000000000ab82d10 code [0x000000000ab82ea0, 0x000000000ab82fc8]
Event: 175.436 Thread 0x000000001d5d7270 4632       3       java.net.URI::decode (380 bytes)
Event: 175.453 Thread 0x000000001d5d7270 nmethod 4632 0x000000000ab83090 code [0x000000000ab836c0, 0x000000000ab86ab8]
Event: 175.453 Thread 0x000000001d5d7270 4633       3       java.io.File::<init> (196 bytes)
Event: 175.454 Thread 0x000000001d5d7270 nmethod 4633 0x000000000ab87e10 code [0x000000000ab88120, 0x000000000ab890c8]
Event: 175.455 Thread 0x000000001d5d7270 4634       3       java.io.WinNTFileSystem::fromURIPath (89 bytes)
Event: 175.457 Thread 0x000000001d5d7270 nmethod 4634 0x000000000ab89590 code [0x000000000ab898c0, 0x000000000ab8ab88]
Event: 175.583 Thread 0x000000001d5b99c0 4635       4       java.net.URL::toString (5 bytes)
Event: 175.592 Thread 0x000000001d5d7270 4637       3       java.net.URL::toURI (54 bytes)
Event: 175.595 Thread 0x000000001d5d7270 nmethod 4637 0x000000000ab8b290 code [0x000000000ab8b5a0, 0x000000000ab8c738]

GC Heap History (16 events):
Event: 8.206 GC heap before
{Heap before GC invocations=0 (full 0):
 garbage-first heap   total 262144K, used 22528K [0x00000000e0000000, 0x0000000100000000)
  region size 1024K, 23 young (23552K), 0 survivors (0K)
 Metaspace       used 1095K, committed 1216K, reserved 393216K
  class space    used 74K, committed 128K, reserved 327680K
}
Event: 8.386 GC heap after
{Heap after GC invocations=1 (full 0):
 garbage-first heap   total 262144K, used 4117K [0x00000000e0000000, 0x0000000100000000)
  region size 1024K, 3 young (3072K), 3 survivors (3072K)
 Metaspace       used 1095K, committed 1216K, reserved 393216K
  class space    used 74K, committed 128K, reserved 327680K
}
Event: 11.381 GC heap before
{Heap before GC invocations=1 (full 0):
 garbage-first heap   total 262144K, used 38933K [0x00000000e0000000, 0x0000000100000000)
  region size 1024K, 33 young (33792K), 3 survivors (3072K)
 Metaspace       used 4333K, committed 4544K, reserved 393216K
  class space    used 542K, committed 640K, reserved 327680K
}
Event: 11.386 GC heap after
{Heap after GC invocations=2 (full 0):
 garbage-first heap   total 262144K, used 11940K [0x00000000e0000000, 0x0000000100000000)
  region size 1024K, 4 young (4096K), 4 survivors (4096K)
 Metaspace       used 4333K, committed 4544K, reserved 393216K
  class space    used 542K, committed 640K, reserved 327680K
}
Event: 13.187 GC heap before
{Heap before GC invocations=2 (full 0):
 garbage-first heap   total 262144K, used 58020K [0x00000000e0000000, 0x0000000100000000)
  region size 1024K, 47 young (48128K), 4 survivors (4096K)
 Metaspace       used 4638K, committed 4864K, reserved 393216K
  class space    used 582K, committed 704K, reserved 327680K
}
Event: 13.196 GC heap after
{Heap after GC invocations=3 (full 0):
 garbage-first heap   total 262144K, used 17272K [0x00000000e0000000, 0x0000000100000000)
  region size 1024K, 5 young (5120K), 5 survivors (5120K)
 Metaspace       used 4638K, committed 4864K, reserved 393216K
  class space    used 582K, committed 704K, reserved 327680K
}
Event: 90.940 GC heap before
{Heap before GC invocations=3 (full 0):
 garbage-first heap   total 262144K, used 123768K [0x00000000e0000000, 0x0000000100000000)
  region size 1024K, 110 young (112640K), 5 survivors (5120K)
 Metaspace       used 21192K, committed 21504K, reserved 393216K
  class space    used 3082K, committed 3200K, reserved 327680K
}
Event: 91.924 GC heap after
{Heap after GC invocations=4 (full 0):
 garbage-first heap   total 262144K, used 24596K [0x00000000e0000000, 0x0000000100000000)
  region size 1024K, 12 young (12288K), 12 survivors (12288K)
 Metaspace       used 21192K, committed 21504K, reserved 393216K
  class space    used 3082K, committed 3200K, reserved 327680K
}
Event: 97.623 GC heap before
{Heap before GC invocations=5 (full 0):
 garbage-first heap   total 262144K, used 25620K [0x00000000e0000000, 0x0000000100000000)
  region size 1024K, 13 young (13312K), 12 survivors (12288K)
 Metaspace       used 21248K, committed 21632K, reserved 393216K
  class space    used 3103K, committed 3264K, reserved 327680K
}
Event: 97.662 GC heap after
{Heap after GC invocations=6 (full 0):
 garbage-first heap   total 262144K, used 25990K [0x00000000e0000000, 0x0000000100000000)
  region size 1024K, 2 young (2048K), 2 survivors (2048K)
 Metaspace       used 21248K, committed 21632K, reserved 393216K
  class space    used 3103K, committed 3264K, reserved 327680K
}
Event: 101.899 GC heap before
{Heap before GC invocations=6 (full 0):
 garbage-first heap   total 262144K, used 36230K [0x00000000e0000000, 0x0000000100000000)
  region size 1024K, 12 young (12288K), 2 survivors (2048K)
 Metaspace       used 22628K, committed 22912K, reserved 393216K
  class space    used 3320K, committed 3456K, reserved 327680K
}
Event: 101.906 GC heap after
{Heap after GC invocations=7 (full 0):
 garbage-first heap   total 262144K, used 25568K [0x00000000e0000000, 0x0000000100000000)
  region size 1024K, 1 young (1024K), 1 survivors (1024K)
 Metaspace       used 22628K, committed 22912K, reserved 393216K
  class space    used 3320K, committed 3456K, reserved 327680K
}
Event: 145.685 GC heap before
{Heap before GC invocations=7 (full 0):
 garbage-first heap   total 262144K, used 105440K [0x00000000e0000000, 0x0000000100000000)
  region size 1024K, 80 young (81920K), 1 survivors (1024K)
 Metaspace       used 33680K, committed 34112K, reserved 393216K
  class space    used 4792K, committed 4992K, reserved 327680K
}
Event: 145.777 GC heap after
{Heap after GC invocations=8 (full 0):
 garbage-first heap   total 262144K, used 31507K [0x00000000e0000000, 0x0000000100000000)
  region size 1024K, 7 young (7168K), 7 survivors (7168K)
 Metaspace       used 33680K, committed 34112K, reserved 393216K
  class space    used 4792K, committed 4992K, reserved 327680K
}
Event: 162.843 GC heap before
{Heap before GC invocations=8 (full 0):
 garbage-first heap   total 262144K, used 59155K [0x00000000e0000000, 0x0000000100000000)
  region size 1024K, 30 young (30720K), 7 survivors (7168K)
 Metaspace       used 35514K, committed 35968K, reserved 393216K
  class space    used 4920K, committed 5184K, reserved 327680K
}
Event: 162.878 GC heap after
{Heap after GC invocations=9 (full 0):
 garbage-first heap   total 262144K, used 32820K [0x00000000e0000000, 0x0000000100000000)
  region size 1024K, 3 young (3072K), 3 survivors (3072K)
 Metaspace       used 35514K, committed 35968K, reserved 393216K
  class space    used 4920K, committed 5184K, reserved 327680K
}

Deoptimization events (20 events):
Event: 166.214 Thread 0x0000000037c3a610 DEOPT PACKING pc=0x0000000011fa495c sp=0x000000003b4397a0
Event: 166.214 Thread 0x0000000037c3a610 DEOPT UNPACKING pc=0x00000000117e23a3 sp=0x000000003b4396e8 mode 2
Event: 166.224 Thread 0x0000000037c3a610 Uncommon trap: trap_request=0xffffffbe fr.pc=0x0000000011fb5784 relative=0x0000000000000924
Event: 166.224 Thread 0x0000000037c3a610 Uncommon trap: reason=profile_predicate action=maybe_recompile pc=0x0000000011fb5784 method=java.util.regex.Pattern$BnM.optimize(Ljava/util/regex/Pattern$Node;)Ljava/util/regex/Pattern$Node; @ 67 c2
Event: 166.224 Thread 0x0000000037c3a610 DEOPT PACKING pc=0x0000000011fb5784 sp=0x000000003b439570
Event: 166.224 Thread 0x0000000037c3a610 DEOPT UNPACKING pc=0x00000000117e23a3 sp=0x000000003b4394c0 mode 2
Event: 166.279 Thread 0x0000000037c3a610 Uncommon trap: trap_request=0xffffffbe fr.pc=0x0000000011fb5784 relative=0x0000000000000924
Event: 166.279 Thread 0x0000000037c3a610 Uncommon trap: reason=profile_predicate action=maybe_recompile pc=0x0000000011fb5784 method=java.util.regex.Pattern$BnM.optimize(Ljava/util/regex/Pattern$Node;)Ljava/util/regex/Pattern$Node; @ 67 c2
Event: 166.279 Thread 0x0000000037c3a610 DEOPT PACKING pc=0x0000000011fb5784 sp=0x000000003b439570
Event: 166.279 Thread 0x0000000037c3a610 DEOPT UNPACKING pc=0x00000000117e23a3 sp=0x000000003b4394c0 mode 2
Event: 166.337 Thread 0x0000000037c3a610 Uncommon trap: trap_request=0xffffffbe fr.pc=0x0000000011fb5784 relative=0x0000000000000924
Event: 166.337 Thread 0x0000000037c3a610 Uncommon trap: reason=profile_predicate action=maybe_recompile pc=0x0000000011fb5784 method=java.util.regex.Pattern$BnM.optimize(Ljava/util/regex/Pattern$Node;)Ljava/util/regex/Pattern$Node; @ 67 c2
Event: 166.337 Thread 0x0000000037c3a610 DEOPT PACKING pc=0x0000000011fb5784 sp=0x000000003b439570
Event: 166.337 Thread 0x0000000037c3a610 DEOPT UNPACKING pc=0x00000000117e23a3 sp=0x000000003b4394c0 mode 2
Event: 166.438 Thread 0x0000000037c3a610 DEOPT PACKING pc=0x000000000a55dc66 sp=0x000000003b4394b0
Event: 166.438 Thread 0x0000000037c3a610 DEOPT UNPACKING pc=0x00000000117e2b43 sp=0x000000003b438978 mode 0
Event: 168.667 Thread 0x0000000037c3a610 DEOPT PACKING pc=0x000000000a49943a sp=0x000000003b439910
Event: 168.669 Thread 0x0000000037c3a610 DEOPT UNPACKING pc=0x00000000117e2b43 sp=0x000000003b438d90 mode 0
Event: 170.977 Thread 0x0000000037c3a610 DEOPT PACKING pc=0x000000000a55dc66 sp=0x000000003b439770
Event: 170.977 Thread 0x0000000037c3a610 DEOPT UNPACKING pc=0x00000000117e2b43 sp=0x000000003b438c38 mode 0

Classes unloaded (0 events):
No events

Classes redefined (0 events):
No events

Internal exceptions (20 events):
Event: 148.950 Thread 0x0000000037c3a610 Exception <a 'java/lang/ClassNotFoundException'{0x00000000eef35b28}: groovy/lang/ClosureCustomizer> (0x00000000eef35b28) 
thrown [s\open\src\hotspot\share\classfile\systemDictionary.cpp, line 256]
Event: 148.989 Thread 0x0000000037c3a610 Exception <a 'java/lang/ClassNotFoundException'{0x00000000eef74e80}: groovy/lang/Closure$1Customizer> (0x00000000eef74e80) 
thrown [s\open\src\hotspot\share\classfile\systemDictionary.cpp, line 256]
Event: 161.291 Thread 0x0000000037c3a610 Exception <a 'java/lang/ClassNotFoundException'{0x00000000eea08aa0}: ijresolvers1_3cekkmqi0b4ari7luv27y194rBeanInfo> (0x00000000eea08aa0) 
thrown [s\open\src\hotspot\share\classfile\systemDictionary.cpp, line 256]
Event: 161.304 Thread 0x0000000037c3a610 Exception <a 'java/lang/ClassNotFoundException'{0x00000000eea0ef78}: ijresolvers1_3cekkmqi0b4ari7luv27y194rCustomizer> (0x00000000eea0ef78) 
thrown [s\open\src\hotspot\share\classfile\systemDictionary.cpp, line 256]
Event: 162.739 Thread 0x0000000037c3a610 Exception <a 'java/lang/ClassNotFoundException'{0x00000000eeae37c0}: org/gradle/execution/taskgraph/DefaultTaskExecutionGraphBeanInfo> (0x00000000eeae37c0) 
thrown [s\open\src\hotspot\share\classfile\systemDictionary.cpp, line 256]
Event: 162.748 Thread 0x0000000037c3a610 Exception <a 'java/lang/ClassNotFoundException'{0x00000000eeaf25c0}: org/gradle/execution/taskgraph/DefaultTaskExecutionGraphCustomizer> (0x00000000eeaf25c0) 
thrown [s\open\src\hotspot\share\classfile\systemDictionary.cpp, line 256]
Event: 163.252 Thread 0x0000000037c3a610 Exception <a 'java/lang/ClassNotFoundException'{0x00000000effd2130}: org/gradle/configuration/internal/DefaultListenerBuildOperationDecorator$BuildOperationEmittingClosureBeanInfo> (0x00000000effd2130) 
thrown [s\open\src\hotspot\share\classfile\systemDictionary.cpp, line 256]
Event: 163.253 Thread 0x0000000037c3a610 Exception <a 'java/lang/ClassNotFoundException'{0x00000000effe1be8}: org/gradle/configuration/internal/DefaultListenerBuildOperationDecorator$BuildOperationEmittingClosureCustomizer> (0x00000000effe1be8) 
thrown [s\open\src\hotspot\share\classfile\systemDictionary.cpp, line 256]
Event: 163.823 Thread 0x0000000037c3a610 Exception <a 'sun/nio/fs/WindowsException'{0x00000000efc402b0}> (0x00000000efc402b0) 
thrown [s\open\src\hotspot\share\prims\jni.cpp, line 516]
Event: 163.824 Thread 0x0000000037c3a610 Exception <a 'sun/nio/fs/WindowsException'{0x00000000efc41870}> (0x00000000efc41870) 
thrown [s\open\src\hotspot\share\prims\jni.cpp, line 516]
Event: 163.825 Thread 0x0000000037c3a610 Exception <a 'sun/nio/fs/WindowsException'{0x00000000efc42de8}> (0x00000000efc42de8) 
thrown [s\open\src\hotspot\share\prims\jni.cpp, line 516]
Event: 163.828 Thread 0x0000000037c3a610 Exception <a 'sun/nio/fs/WindowsException'{0x00000000efc44370}> (0x00000000efc44370) 
thrown [s\open\src\hotspot\share\prims\jni.cpp, line 516]
Event: 164.335 Thread 0x0000000037c3a610 Exception <a 'java/lang/NoSuchMethodError'{0x00000000efb12710}: 'java.lang.Object java.lang.invoke.Invokers$Holder.invoker(java.lang.Object, java.lang.Object, java.lang.Object, java.lang.Object, java.lang.Object, java.lang.Object)'> (0x00000000efb12710) 
thrown [s\open\src\hotspot\share\interpreter\linkResolver.cpp, line 759]
Event: 164.547 Thread 0x0000000037c3a610 Exception <a 'java/lang/NoSuchMethodError'{0x00000000efb98e28}: 'java.lang.Object java.lang.invoke.Invokers$Holder.invoker(java.lang.Object, java.lang.Object, java.lang.Object, java.lang.Object)'> (0x00000000efb98e28) 
thrown [s\open\src\hotspot\share\interpreter\linkResolver.cpp, line 759]
Event: 164.811 Thread 0x0000000037c3a610 Exception <a 'java/lang/NoSuchMethodError'{0x00000000efa4c5c8}: 'java.lang.Object java.lang.invoke.Invokers$Holder.invoker(java.lang.Object, java.lang.Object, java.lang.Object, java.lang.Object, java.lang.Object)'> (0x00000000efa4c5c8) 
thrown [s\open\src\hotspot\share\interpreter\linkResolver.cpp, line 759]
Event: 164.935 Thread 0x0000000037c3a610 Exception <a 'java/lang/NoSuchMethodError'{0x00000000efa6a030}: 'java.lang.Object java.lang.invoke.DirectMethodHandle$Holder.invokeSpecial(java.lang.Object, java.lang.Object, java.lang.Object, java.lang.Object, java.lang.Object, java.lang.Object, java.lang.Object, java.lang.Object, java.lang.Object, java.lang.Object, java.lang.Object, java.lang.Object, java.lang.Object, java.lang.Object, java.lang.Object, java.lang.Object, java.lang.Object, java.lang.Object, java.lang.Object, java.lang.Object, java.lang.Ob
Event: 164.946 Thread 0x0000000037c3a610 Exception <a 'java/lang/NoSuchMethodError'{0x00000000efa6fff0}: 'java.lang.Object java.lang.invoke.DelegatingMethodHandle$Holder.reinvoke_L(java.lang.Object, java.lang.Object, java.lang.Object, java.lang.Object, java.lang.Object, java.lang.Object, java.lang.Object, java.lang.Object, java.lang.Object, java.lang.Object, java.lang.Object, java.lang.Object, java.lang.Object, java.lang.Object, java.lang.Object, java.lang.Object, java.lang.Object, java.lang.Object, java.lang.Object, java.lang.Object, java.lang.O
Event: 164.953 Thread 0x0000000037c3a610 Exception <a 'java/lang/NoSuchMethodError'{0x00000000efa7b790}: 'java.lang.Object java.lang.invoke.Invokers$Holder.invoker(java.lang.Object, java.lang.Object, java.lang.Object, java.lang.Object, java.lang.Object, java.lang.Object, java.lang.Object, java.lang.Object, java.lang.Object, java.lang.Object, java.lang.Object, java.lang.Object, java.lang.Object, java.lang.Object, java.lang.Object, java.lang.Object, java.lang.Object, java.lang.Object, java.lang.Object, java.lang.Object, java.lang.Object, java.lang.
Event: 164.963 Thread 0x0000000037c3a610 Exception <a 'java/lang/NoSuchMethodError'{0x00000000efa822d8}: 'java.lang.Object java.lang.invoke.DelegatingMethodHandle$Holder.delegate(java.lang.Object, java.lang.Object, java.lang.Object, java.lang.Object, java.lang.Object, java.lang.Object, java.lang.Object, java.lang.Object, java.lang.Object, java.lang.Object, java.lang.Object, java.lang.Object, java.lang.Object, java.lang.Object, java.lang.Object, java.lang.Object, java.lang.Object, java.lang.Object, java.lang.Object, java.lang.Object, java.lang.Obj
Event: 165.423 Thread 0x0000000037c3a610 Exception <a 'java/lang/NoSuchMethodError'{0x00000000ef94e898}: 'java.lang.Object java.lang.invoke.DirectMethodHandle$Holder.invokeStatic(java.lang.Object, java.lang.Object, java.lang.Object, java.lang.Object, java.lang.Object, java.lang.Object, java.lang.Object, java.lang.Object, java.lang.Object, java.lang.Object, java.lang.Object, java.lang.Object, java.lang.Object, java.lang.Object, java.lang.Object, java.lang.Object, java.lang.Object, java.lang.Object, java.lang.Object, java.lang.Object, java.lang.Obj

VM Operations (20 events):
Event: 161.943 Executing VM operation: Cleanup
Event: 161.962 Executing VM operation: Cleanup done
Event: 162.842 Executing VM operation: CollectForMetadataAllocation
Event: 162.879 Executing VM operation: CollectForMetadataAllocation done
Event: 162.985 Executing VM operation: G1Concurrent
Event: 163.192 Executing VM operation: G1Concurrent done
Event: 163.204 Executing VM operation: G1Concurrent
Event: 163.214 Executing VM operation: G1Concurrent done
Event: 164.224 Executing VM operation: Cleanup
Event: 164.332 Executing VM operation: Cleanup done
Event: 165.356 Executing VM operation: Cleanup
Event: 165.418 Executing VM operation: Cleanup done
Event: 166.424 Executing VM operation: Cleanup
Event: 166.424 Executing VM operation: Cleanup done
Event: 168.436 Executing VM operation: Cleanup
Event: 168.468 Executing VM operation: Cleanup done
Event: 169.472 Executing VM operation: Cleanup
Event: 169.490 Executing VM operation: Cleanup done
Event: 172.507 Executing VM operation: Cleanup
Event: 172.507 Executing VM operation: Cleanup done

Events (20 events):
Event: 148.992 loading class com/sun/beans/finder/AbstractFinder done
Event: 148.992 loading class com/sun/beans/finder/MethodFinder done
Event: 148.992 loading class com/sun/beans/finder/MethodFinder$1
Event: 148.992 loading class com/sun/beans/finder/MethodFinder$1 done
Event: 148.992 loading class com/sun/beans/finder/FinderUtils
Event: 148.993 loading class com/sun/beans/finder/FinderUtils done
Event: 156.089 Thread 0x0000000038ac3c90 Thread added: 0x0000000038ac3c90
Event: 158.756 Thread 0x0000000038ac2340 Thread added: 0x0000000038ac2340
Event: 163.699 loading class java/util/BitSet$1BitSetSpliterator
Event: 163.701 loading class java/util/BitSet$1BitSetSpliterator done
Event: 163.753 loading class java/lang/ThreadLocal$SuppliedThreadLocal
Event: 163.753 loading class java/lang/ThreadLocal$SuppliedThreadLocal done
Event: 163.823 loading class sun/nio/fs/WindowsException
Event: 163.823 loading class sun/nio/fs/WindowsException done
Event: 164.588 loading class java/util/Collections$SynchronizedRandomAccessList
Event: 164.597 loading class java/util/Collections$SynchronizedList
Event: 164.600 loading class java/util/Collections$SynchronizedList done
Event: 164.600 loading class java/util/Collections$SynchronizedRandomAccessList done
Event: 165.235 loading class java/lang/invoke/BoundMethodHandle$Species_LLLLLLLLLLLLLLLLLLLLLLLL
Event: 165.235 loading class java/lang/invoke/BoundMethodHandle$Species_LLLLLLLLLLLLLLLLLLLLLLLL done


Dynamic libraries:
0x00007ff739410000 - 0x00007ff739420000 	D:\WORK\apps\JDK-17\bin\java.exe
0x00007fffdd7b0000 - 0x00007fffdd9c7000 	C:\Windows\SYSTEM32\ntdll.dll
0x00007fffdc2e0000 - 0x00007fffdc3a4000 	C:\Windows\System32\KERNEL32.DLL
0x00007fffdaae0000 - 0x00007fffdae99000 	C:\Windows\System32\KERNELBASE.dll
0x00007fffdafc0000 - 0x00007fffdb0d1000 	C:\Windows\System32\ucrtbase.dll
0x00007fffd61d0000 - 0x00007fffd61e9000 	D:\WORK\apps\JDK-17\bin\jli.dll
0x00007fffdb6a0000 - 0x00007fffdb752000 	C:\Windows\System32\ADVAPI32.dll
0x00007fffdce40000 - 0x00007fffdcee7000 	C:\Windows\System32\msvcrt.dll
0x00007fffdd1b0000 - 0x00007fffdd257000 	C:\Windows\System32\sechost.dll
0x00007fffd6230000 - 0x00007fffd624b000 	D:\WORK\apps\JDK-17\bin\VCRUNTIME140.dll
0x00007fffdb310000 - 0x00007fffdb338000 	C:\Windows\System32\bcrypt.dll
0x00007fffdb4d0000 - 0x00007fffdb5e4000 	C:\Windows\System32\RPCRT4.dll
0x00007fffdc130000 - 0x00007fffdc2de000 	C:\Windows\System32\USER32.dll
0x00007fffdaab0000 - 0x00007fffdaad6000 	C:\Windows\System32\win32u.dll
0x00007fffdb880000 - 0x00007fffdb8a9000 	C:\Windows\System32\GDI32.dll
0x00007fffdaea0000 - 0x00007fffdafbb000 	C:\Windows\System32\gdi32full.dll
0x00007fffdb340000 - 0x00007fffdb3da000 	C:\Windows\System32\msvcp_win.dll
0x00007fffbfa10000 - 0x00007fffbfca2000 	C:\Windows\WinSxS\amd64_microsoft.windows.common-controls_6595b64144ccf1df_6.0.22621.4391_none_2715d37f73803e96\COMCTL32.dll
0x00007fffd1f90000 - 0x00007fffd1f9a000 	C:\Windows\SYSTEM32\VERSION.dll
0x00007fffdcb70000 - 0x00007fffdcba1000 	C:\Windows\System32\IMM32.DLL
0x00007fffd6270000 - 0x00007fffd627c000 	D:\WORK\apps\JDK-17\bin\vcruntime140_1.dll
0x00007fffbc890000 - 0x00007fffbc91e000 	D:\WORK\apps\JDK-17\bin\msvcp140.dll
0x00007fff862f0000 - 0x00007fff86ed0000 	D:\WORK\apps\JDK-17\bin\server\jvm.dll
0x00007fffdb7c0000 - 0x00007fffdb7c8000 	C:\Windows\System32\PSAPI.DLL
0x00007fffc65a0000 - 0x00007fffc65a9000 	C:\Windows\SYSTEM32\WSOCK32.dll
0x00007fffdc440000 - 0x00007fffdc4b1000 	C:\Windows\System32\WS2_32.dll
0x00007fffd84f0000 - 0x00007fffd8524000 	C:\Windows\SYSTEM32\WINMM.dll
0x00007fffd9ab0000 - 0x00007fffd9ac8000 	C:\Windows\SYSTEM32\kernel.appcore.dll
0x00007fffd6220000 - 0x00007fffd622a000 	D:\WORK\apps\JDK-17\bin\jimage.dll
0x00007fffd8050000 - 0x00007fffd8282000 	C:\Windows\SYSTEM32\DBGHELP.DLL
0x00007fffdc7e0000 - 0x00007fffdcb6f000 	C:\Windows\System32\combase.dll
0x00007fffdccb0000 - 0x00007fffdcd87000 	C:\Windows\System32\OLEAUT32.dll
0x00007fffca660000 - 0x00007fffca692000 	C:\Windows\SYSTEM32\dbgcore.DLL
0x00007fffdb3e0000 - 0x00007fffdb45b000 	C:\Windows\System32\bcryptPrimitives.dll
0x00007fffd5470000 - 0x00007fffd547e000 	D:\WORK\apps\JDK-17\bin\instrument.dll
0x00007fffd2380000 - 0x00007fffd23a5000 	D:\WORK\apps\JDK-17\bin\java.dll
0x00007fffb55b0000 - 0x00007fffb5687000 	D:\WORK\apps\JDK-17\bin\jsvml.dll
0x00007fffdb8b0000 - 0x00007fffdc126000 	C:\Windows\System32\SHELL32.dll
0x00007fffd8970000 - 0x00007fffd9273000 	C:\Windows\SYSTEM32\windows.storage.dll
0x00007fffd8830000 - 0x00007fffd896f000 	C:\Windows\SYSTEM32\wintypes.dll
0x00007fffdcbb0000 - 0x00007fffdcca9000 	C:\Windows\System32\SHCORE.dll
0x00007fffdd290000 - 0x00007fffdd2ee000 	C:\Windows\System32\shlwapi.dll
0x00007fffda9e0000 - 0x00007fffdaa0b000 	C:\Windows\SYSTEM32\profapi.dll
0x00007fffd51c0000 - 0x00007fffd51d8000 	D:\WORK\apps\JDK-17\bin\zip.dll
0x00007fffc9a30000 - 0x00007fffc9a49000 	D:\WORK\apps\JDK-17\bin\net.dll
0x00007fffce150000 - 0x00007fffce286000 	C:\Windows\SYSTEM32\WINHTTP.dll
0x00007fffd9f20000 - 0x00007fffd9f89000 	C:\Windows\system32\mswsock.dll
0x00007fffc88d0000 - 0x00007fffc88e6000 	D:\WORK\apps\JDK-17\bin\nio.dll
0x00007fffd38b0000 - 0x00007fffd38c0000 	D:\WORK\apps\JDK-17\bin\verify.dll
0x00007fffbf4c0000 - 0x00007fffbf4e7000 	C:\Users\arche\.gradle\native\c067742578af261105cb4f569cf0c3c89f3d7b1fecec35dd04571415982c5e48\windows-amd64\native-platform.dll
0x00007fffb52c0000 - 0x00007fffb5404000 	C:\Users\arche\.gradle\native\100fb08df4bc3b14c8652ba06237920a3bd2aa13389f12d3474272988ae205f9\windows-amd64\native-platform-file-events.dll
0x00007fffd2580000 - 0x00007fffd258a000 	D:\WORK\apps\JDK-17\bin\management.dll
0x00007fffc9cc0000 - 0x00007fffc9ccb000 	D:\WORK\apps\JDK-17\bin\management_ext.dll
0x00007fffda270000 - 0x00007fffda28b000 	C:\Windows\SYSTEM32\CRYPTSP.dll
0x00007fffd9a10000 - 0x00007fffd9a45000 	C:\Windows\system32\rsaenh.dll
0x00007fffd9fc0000 - 0x00007fffd9fe8000 	C:\Windows\SYSTEM32\USERENV.dll
0x00007fffda250000 - 0x00007fffda25c000 	C:\Windows\SYSTEM32\CRYPTBASE.dll
0x00007fffd94d0000 - 0x00007fffd94fd000 	C:\Windows\SYSTEM32\IPHLPAPI.DLL
0x00007fffdd260000 - 0x00007fffdd269000 	C:\Windows\System32\NSI.dll
0x00007fffce130000 - 0x00007fffce149000 	C:\Windows\SYSTEM32\dhcpcsvc6.DLL
0x00007fffce110000 - 0x00007fffce12f000 	C:\Windows\SYSTEM32\dhcpcsvc.DLL
0x00007fffd9500000 - 0x00007fffd9602000 	C:\Windows\SYSTEM32\DNSAPI.dll
0x00007fffc80c0000 - 0x00007fffc80ce000 	D:\WORK\apps\JDK-17\bin\sunmscapi.dll
0x00007fffdb1a0000 - 0x00007fffdb306000 	C:\Windows\System32\CRYPT32.dll
0x00007fffda360000 - 0x00007fffda38d000 	C:\Windows\SYSTEM32\ncrypt.dll
0x00007fffda320000 - 0x00007fffda357000 	C:\Windows\SYSTEM32\NTASN1.dll
0x00007fffc9a60000 - 0x00007fffc9a68000 	C:\Windows\system32\wshunix.dll

dbghelp: loaded successfully - version: 4.0.5 - missing functions: none
symbol engine: initialized successfully - sym options: 0x614 - pdb path: .;D:\WORK\apps\JDK-17\bin;C:\Windows\SYSTEM32;C:\Windows\WinSxS\amd64_microsoft.windows.common-controls_6595b64144ccf1df_6.0.22621.4391_none_2715d37f73803e96;D:\WORK\apps\JDK-17\bin\server;C:\Users\arche\.gradle\native\c067742578af261105cb4f569cf0c3c89f3d7b1fecec35dd04571415982c5e48\windows-amd64;C:\Users\arche\.gradle\native\100fb08df4bc3b14c8652ba06237920a3bd2aa13389f12d3474272988ae205f9\windows-amd64

VM Arguments:
jvm_args: --add-opens=java.base/java.util=ALL-UNNAMED --add-opens=java.base/java.lang=ALL-UNNAMED --add-opens=java.base/java.lang.invoke=ALL-UNNAMED --add-opens=java.prefs/java.util.prefs=ALL-UNNAMED --add-exports=jdk.compiler/com.sun.tools.javac.api=ALL-UNNAMED --add-exports=jdk.compiler/com.sun.tools.javac.util=ALL-UNNAMED --add-opens=java.base/java.nio.charset=ALL-UNNAMED --add-opens=java.base/java.net=ALL-UNNAMED --add-opens=java.base/java.util.concurrent.atomic=ALL-UNNAMED -XX:MaxMetaspaceSize=384m -XX:+HeapDumpOnOutOfMemoryError -Xms256m -Xmx512m -Dfile.encoding=UTF-8 -Duser.country=RU -Duser.language=ru -Duser.variant -javaagent:C:\Users\arche\.gradle\wrapper\dists\gradle-8.10.2-bin\a04bxjujx95o3nb99gddekhwo\gradle-8.10.2\lib\agents\gradle-instrumentation-agent-8.10.2.jar 
java_command: org.gradle.launcher.daemon.bootstrap.GradleDaemon 8.10.2
java_class_path (initial): C:\Users\arche\.gradle\wrapper\dists\gradle-8.10.2-bin\a04bxjujx95o3nb99gddekhwo\gradle-8.10.2\lib\gradle-daemon-main-8.10.2.jar
Launcher Type: SUN_STANDARD

[Global flags]
     intx CICompilerCount                          = 4                                         {product} {ergonomic}
   size_t CompressedClassSpaceSize                 = 335544320                                 {product} {ergonomic}
     uint ConcGCThreads                            = 2                                         {product} {ergonomic}
     uint G1ConcRefinementThreads                  = 8                                         {product} {ergonomic}
   size_t G1HeapRegionSize                         = 1048576                                   {product} {ergonomic}
    uintx GCDrainStackTargetSize                   = 64                                        {product} {ergonomic}
     bool HeapDumpOnOutOfMemoryError               = true                                   {manageable} {command line}
   size_t InitialHeapSize                          = 268435456                                 {product} {command line}
   size_t MarkStackSize                            = 4194304                                   {product} {ergonomic}
   size_t MaxHeapSize                              = 536870912                                 {product} {command line}
   size_t MaxMetaspaceSize                         = 402653184                                 {product} {command line}
   size_t MaxNewSize                               = 321912832                                 {product} {ergonomic}
   size_t MinHeapDeltaBytes                        = 1048576                                   {product} {ergonomic}
   size_t MinHeapSize                              = 268435456                                 {product} {command line}
    uintx NonNMethodCodeHeapSize                   = 5839372                                {pd product} {ergonomic}
    uintx NonProfiledCodeHeapSize                  = 122909434                              {pd product} {ergonomic}
    uintx ProfiledCodeHeapSize                     = 122909434                              {pd product} {ergonomic}
    uintx ReservedCodeCacheSize                    = 251658240                              {pd product} {ergonomic}
     bool SegmentedCodeCache                       = true                                      {product} {ergonomic}
   size_t SoftMaxHeapSize                          = 536870912                              {manageable} {ergonomic}
     bool UseCompressedClassPointers               = true                           {product lp64_product} {ergonomic}
     bool UseCompressedOops                        = true                           {product lp64_product} {ergonomic}
     bool UseG1GC                                  = true                                      {product} {ergonomic}
     bool UseLargePagesIndividualAllocation        = false                                  {pd product} {ergonomic}

Logging:
Log output configuration:
 #0: stdout all=warning uptime,level,tags
 #1: stderr all=off uptime,level,tags

Environment Variables:
PATH=D:\WORK\apps\pgsql\bin;C:\Program Files (x86)\Common Files\Oracle\Java\javapath;C:\Python311\Scripts\;C:\Python311\;C:\Windows\system32;C:\Windows;C:\Windows\System32\Wbem;C:\Windows\System32\WindowsPowerShell\v1.0\;C:\Windows\System32\OpenSSH\;C:\Program Files (x86)\Microsoft SQL Server\160\Tools\Binn\;C:\Program Files\Microsoft SQL Server\160\Tools\Binn\;C:\Program Files\Microsoft SQL Server\Client SDK\ODBC\170\Tools\Binn\;C:\Program Files\Microsoft SQL Server\160\DTS\Binn\;C:\ProgramData\chocolatey\bin;C:\tools\Manim\Scripts;C:\Program Files\Gource\cmd;C:\Program Files\Git LFS;D:\WORK\apps\flutter\bin;C:\Program Files\nodejs\;C:\Program Files\dotnet\;C:\Program Files\Git\cmd;C:\Program Files\PowerShell\7\;C:\Users\arche\AppData\Local\Microsoft\WindowsApps;C:\Users\arche\AppData\Local\JetBrains\Toolbox\scripts;C:\Program Files\Azure Data Studio\bin;C:\Users\arche\.dotnet\tools;D:\WORK\apps\JetBrains Gateway 2024.1.2\bin;;D:\WORK\apps\GoLand 2024.2.1\bin;;C:\Users\arche\AppData\Roaming\npm;D:\WORK\apps\PyCharm 2024.2.4\bin;
USERNAME=arche
OS=Windows_NT
PROCESSOR_IDENTIFIER=AMD64 Family 23 Model 24 Stepping 1, AuthenticAMD



---------------  S Y S T E M  ---------------

OS:
 Windows 11 , 64 bit Build 22621 (10.0.22621.4391)
OS uptime: 4 days 2:43 hours
Hyper-V role detected

CPU: total 8 (initial active 8) (8 cores per cpu, 2 threads per core) family 23 model 24 stepping 1 microcode 0x0, cx8, cmov, fxsr, ht, mmx, 3dnowpref, sse, sse2, sse3, ssse3, sse4a, sse4.1, sse4.2, popcnt, lzcnt, tsc, tscinvbit, avx, avx2, aes, clmul, bmi1, bmi2, adx, sha, fma, vzeroupper, clflush, clflushopt, hv

Memory: 4k page, system-wide physical 7103M (97M free)
TotalPageFile size 22431M (AvailPageFile size 384M)
current process WorkingSet (physical memory assigned to process): 19M, peak: 132M
current process commit charge ("private bytes"): 429M, peak: 445M

vm_info: Java HotSpot(TM) 64-Bit Server VM (17.0.12+8-LTS-286) for windows-amd64 JRE (17.0.12+8-LTS-286), built on Jun  5 2024 06:46:59 by "mach5one" with MS VC++ 17.6 (VS2022)

END.
